<?xml version="1.0" encoding="UTF-8"?><testrun name="TestSandboxConjuntos" project="nTaller2EstructurasEsqueleto" tests="31" started="31" failures="4" errors="2" ignored="0">
  <testsuite name="uniandes.dpoo.estructuras.tests.TestSandboxConjuntos" time="0.034" displayname="TestSandboxConjuntos" uniqueid="[engine:junit-jupiter]/[class:uniandes.dpoo.estructuras.tests.TestSandboxConjuntos]">
    <testcase name="testVolverMayusculasVacio" classname="uniandes.dpoo.estructuras.tests.TestSandboxConjuntos" time="0.009" displayname="testVolverMayusculasVacio()" uniqueid="[engine:junit-jupiter]/[class:uniandes.dpoo.estructuras.tests.TestSandboxConjuntos]/[method:testVolverMayusculasVacio()]"/>
    <testcase name="testGetCantidadCadenas" classname="uniandes.dpoo.estructuras.tests.TestSandboxConjuntos" time="0.001" displayname="testGetCantidadCadenas()" uniqueid="[engine:junit-jupiter]/[class:uniandes.dpoo.estructuras.tests.TestSandboxConjuntos]/[method:testGetCantidadCadenas()]"/>
    <testcase name="testEliminarPrimera" classname="uniandes.dpoo.estructuras.tests.TestSandboxConjuntos" time="0.005" displayname="testEliminarPrimera()" uniqueid="[engine:junit-jupiter]/[class:uniandes.dpoo.estructuras.tests.TestSandboxConjuntos]/[method:testEliminarPrimera()]">
      <failure>
        <expected>4</expected>
        <actual>5</actual>
        org.opentest4j.AssertionFailedError: La cantidad de cadenas debería haber disminuido en 1 ==&gt; expected: &lt;4&gt; but was: &lt;5&gt;
	at org.junit.jupiter.api.AssertionFailureBuilder.build(AssertionFailureBuilder.java:151)
	at org.junit.jupiter.api.AssertionFailureBuilder.buildAndThrow(AssertionFailureBuilder.java:132)
	at org.junit.jupiter.api.AssertEquals.failNotEqual(AssertEquals.java:197)
	at org.junit.jupiter.api.AssertEquals.assertEquals(AssertEquals.java:150)
	at org.junit.jupiter.api.Assertions.assertEquals(Assertions.java:563)
	at uniandes.dpoo.estructuras.tests.TestSandboxConjuntos.testEliminarPrimera(TestSandboxConjuntos.java:282)
	at java.base/java.lang.reflect.Method.invoke(Method.java:580)
	at java.base/java.util.ArrayList.forEach(ArrayList.java:1596)
	at java.base/java.util.ArrayList.forEach(ArrayList.java:1596)


      </failure>
    </testcase>
    <testcase name="testAgregarCadenaIntermedia" classname="uniandes.dpoo.estructuras.tests.TestSandboxConjuntos" time="0.001" displayname="testAgregarCadenaIntermedia()" uniqueid="[engine:junit-jupiter]/[class:uniandes.dpoo.estructuras.tests.TestSandboxConjuntos]/[method:testAgregarCadenaIntermedia()]"/>
    <testcase name="testEliminarCadenaSinMayusculasOMinusculasIgual" classname="uniandes.dpoo.estructuras.tests.TestSandboxConjuntos" time="0.001" displayname="testEliminarCadenaSinMayusculasOMinusculasIgual()" uniqueid="[engine:junit-jupiter]/[class:uniandes.dpoo.estructuras.tests.TestSandboxConjuntos]/[method:testEliminarCadenaSinMayusculasOMinusculasIgual()]"/>
    <testcase name="testEliminarCadenaSinMayusculasOMinusculasVacio" classname="uniandes.dpoo.estructuras.tests.TestSandboxConjuntos" time="0.0" displayname="testEliminarCadenaSinMayusculasOMinusculasVacio()" uniqueid="[engine:junit-jupiter]/[class:uniandes.dpoo.estructuras.tests.TestSandboxConjuntos]/[method:testEliminarCadenaSinMayusculasOMinusculasVacio()]"/>
    <testcase name="testGetCadenasComoListaInvertida" classname="uniandes.dpoo.estructuras.tests.TestSandboxConjuntos" time="0.0" displayname="testGetCadenasComoListaInvertida()" uniqueid="[engine:junit-jupiter]/[class:uniandes.dpoo.estructuras.tests.TestSandboxConjuntos]/[method:testGetCadenasComoListaInvertida()]"/>
    <testcase name="testEliminarPrimeraCadena" classname="uniandes.dpoo.estructuras.tests.TestSandboxConjuntos" time="0.001" displayname="testEliminarPrimeraCadena()" uniqueid="[engine:junit-jupiter]/[class:uniandes.dpoo.estructuras.tests.TestSandboxConjuntos]/[method:testEliminarPrimeraCadena()]"/>
    <testcase name="testGetSiguientesNoIncluido" classname="uniandes.dpoo.estructuras.tests.TestSandboxConjuntos" time="0.001" displayname="testGetSiguientesNoIncluido()" uniqueid="[engine:junit-jupiter]/[class:uniandes.dpoo.estructuras.tests.TestSandboxConjuntos]/[method:testGetSiguientesNoIncluido()]"/>
    <testcase name="testGetSiguientesIncluido" classname="uniandes.dpoo.estructuras.tests.TestSandboxConjuntos" time="0.001" displayname="testGetSiguientesIncluido()" uniqueid="[engine:junit-jupiter]/[class:uniandes.dpoo.estructuras.tests.TestSandboxConjuntos]/[method:testGetSiguientesIncluido()]"/>
    <testcase name="testGetSiguientesVacio" classname="uniandes.dpoo.estructuras.tests.TestSandboxConjuntos" time="0.0" displayname="testGetSiguientesVacio()" uniqueid="[engine:junit-jupiter]/[class:uniandes.dpoo.estructuras.tests.TestSandboxConjuntos]/[method:testGetSiguientesVacio()]"/>
    <testcase name="testEliminarCadenaInexistenteVacio" classname="uniandes.dpoo.estructuras.tests.TestSandboxConjuntos" time="0.001" displayname="testEliminarCadenaInexistenteVacio()" uniqueid="[engine:junit-jupiter]/[class:uniandes.dpoo.estructuras.tests.TestSandboxConjuntos]/[method:testEliminarCadenaInexistenteVacio()]"/>
    <testcase name="testAgregarCadenaFinal" classname="uniandes.dpoo.estructuras.tests.TestSandboxConjuntos" time="0.0" displayname="testAgregarCadenaFinal()" uniqueid="[engine:junit-jupiter]/[class:uniandes.dpoo.estructuras.tests.TestSandboxConjuntos]/[method:testAgregarCadenaFinal()]"/>
    <testcase name="testAgregarCadenaVacio" classname="uniandes.dpoo.estructuras.tests.TestSandboxConjuntos" time="0.0" displayname="testAgregarCadenaVacio()" uniqueid="[engine:junit-jupiter]/[class:uniandes.dpoo.estructuras.tests.TestSandboxConjuntos]/[method:testAgregarCadenaVacio()]"/>
    <testcase name="testCompararElementosIguales" classname="uniandes.dpoo.estructuras.tests.TestSandboxConjuntos" time="0.001" displayname="testCompararElementosIguales()" uniqueid="[engine:junit-jupiter]/[class:uniandes.dpoo.estructuras.tests.TestSandboxConjuntos]/[method:testCompararElementosIguales()]">
      <failure>
        <expected>true</expected>
        <actual>false</actual>
        org.opentest4j.AssertionFailedError: No comparó correctamente los arreglos cuando eran iguales ==&gt; expected: &lt;true&gt; but was: &lt;false&gt;
	at org.junit.jupiter.api.AssertionFailureBuilder.build(AssertionFailureBuilder.java:151)
	at org.junit.jupiter.api.AssertionFailureBuilder.buildAndThrow(AssertionFailureBuilder.java:132)
	at org.junit.jupiter.api.AssertTrue.failNotTrue(AssertTrue.java:63)
	at org.junit.jupiter.api.AssertTrue.assertTrue(AssertTrue.java:36)
	at org.junit.jupiter.api.Assertions.assertTrue(Assertions.java:214)
	at uniandes.dpoo.estructuras.tests.TestSandboxConjuntos.testCompararElementosIguales(TestSandboxConjuntos.java:346)
	at java.base/java.lang.reflect.Method.invoke(Method.java:580)
	at java.base/java.util.ArrayList.forEach(ArrayList.java:1596)
	at java.base/java.util.ArrayList.forEach(ArrayList.java:1596)


      </failure>
    </testcase>
    <testcase name="testVolverMayusculas" classname="uniandes.dpoo.estructuras.tests.TestSandboxConjuntos" time="0.001" displayname="testVolverMayusculas()" uniqueid="[engine:junit-jupiter]/[class:uniandes.dpoo.estructuras.tests.TestSandboxConjuntos]/[method:testVolverMayusculas()]">
      <failure>
        <expected>A</expected>
        <actual>B</actual>
        org.opentest4j.AssertionFailedError: No se ajustaron correctamente las cadenas a mayúsculas ==&gt; expected: &lt;A&gt; but was: &lt;B&gt;
	at org.junit.jupiter.api.AssertionFailureBuilder.build(AssertionFailureBuilder.java:151)
	at org.junit.jupiter.api.AssertionFailureBuilder.buildAndThrow(AssertionFailureBuilder.java:132)
	at org.junit.jupiter.api.AssertEquals.failNotEqual(AssertEquals.java:197)
	at org.junit.jupiter.api.AssertEquals.assertEquals(AssertEquals.java:182)
	at org.junit.jupiter.api.Assertions.assertEquals(Assertions.java:1156)
	at uniandes.dpoo.estructuras.tests.TestSandboxConjuntos.testVolverMayusculas(TestSandboxConjuntos.java:311)
	at java.base/java.lang.reflect.Method.invoke(Method.java:580)
	at java.base/java.util.ArrayList.forEach(ArrayList.java:1596)
	at java.base/java.util.ArrayList.forEach(ArrayList.java:1596)


      </failure>
    </testcase>
    <testcase name="testGetPrimera" classname="uniandes.dpoo.estructuras.tests.TestSandboxConjuntos" time="0.001" displayname="testGetPrimera()" uniqueid="[engine:junit-jupiter]/[class:uniandes.dpoo.estructuras.tests.TestSandboxConjuntos]/[method:testGetPrimera()]"/>
    <testcase name="testAgregarCadenaInicio" classname="uniandes.dpoo.estructuras.tests.TestSandboxConjuntos" time="0.0" displayname="testAgregarCadenaInicio()" uniqueid="[engine:junit-jupiter]/[class:uniandes.dpoo.estructuras.tests.TestSandboxConjuntos]/[method:testAgregarCadenaInicio()]"/>
    <testcase name="testGetCadenasComoListaVacia" classname="uniandes.dpoo.estructuras.tests.TestSandboxConjuntos" time="0.001" displayname="testGetCadenasComoListaVacia()" uniqueid="[engine:junit-jupiter]/[class:uniandes.dpoo.estructuras.tests.TestSandboxConjuntos]/[method:testGetCadenasComoListaVacia()]"/>
    <testcase name="testEliminarCadenaSinMayusculasOMinusculasDiferente" classname="uniandes.dpoo.estructuras.tests.TestSandboxConjuntos" time="0.0" displayname="testEliminarCadenaSinMayusculasOMinusculasDiferente()" uniqueid="[engine:junit-jupiter]/[class:uniandes.dpoo.estructuras.tests.TestSandboxConjuntos]/[method:testEliminarCadenaSinMayusculasOMinusculasDiferente()]"/>
    <testcase name="testReiniciarConjuntoCadenas" classname="uniandes.dpoo.estructuras.tests.TestSandboxConjuntos" time="0.001" displayname="testReiniciarConjuntoCadenas()" uniqueid="[engine:junit-jupiter]/[class:uniandes.dpoo.estructuras.tests.TestSandboxConjuntos]/[method:testReiniciarConjuntoCadenas()]">
      <failure>
        <expected>8</expected>
        <actual>5</actual>
        org.opentest4j.AssertionFailedError: La nueva cantidad de enteros no es la correcta ==&gt; expected: &lt;8&gt; but was: &lt;5&gt;
	at org.junit.jupiter.api.AssertionFailureBuilder.build(AssertionFailureBuilder.java:151)
	at org.junit.jupiter.api.AssertionFailureBuilder.buildAndThrow(AssertionFailureBuilder.java:132)
	at org.junit.jupiter.api.AssertEquals.failNotEqual(AssertEquals.java:197)
	at org.junit.jupiter.api.AssertEquals.assertEquals(AssertEquals.java:150)
	at org.junit.jupiter.api.Assertions.assertEquals(Assertions.java:563)
	at uniandes.dpoo.estructuras.tests.TestSandboxConjuntos.testReiniciarConjuntoCadenas(TestSandboxConjuntos.java:292)
	at java.base/java.lang.reflect.Method.invoke(Method.java:580)
	at java.base/java.util.ArrayList.forEach(ArrayList.java:1596)
	at java.base/java.util.ArrayList.forEach(ArrayList.java:1596)


      </failure>
    </testcase>
    <testcase name="testGetSiguientesFueraDelRango" classname="uniandes.dpoo.estructuras.tests.TestSandboxConjuntos" time="0.0" displayname="testGetSiguientesFueraDelRango()" uniqueid="[engine:junit-jupiter]/[class:uniandes.dpoo.estructuras.tests.TestSandboxConjuntos]/[method:testGetSiguientesFueraDelRango()]"/>
    <testcase name="testEliminarCadena" classname="uniandes.dpoo.estructuras.tests.TestSandboxConjuntos" time="0.0" displayname="testEliminarCadena()" uniqueid="[engine:junit-jupiter]/[class:uniandes.dpoo.estructuras.tests.TestSandboxConjuntos]/[method:testEliminarCadena()]"/>
    <testcase name="testInvertirCadenasVacio" classname="uniandes.dpoo.estructuras.tests.TestSandboxConjuntos" time="0.001" displayname="testInvertirCadenasVacio()" uniqueid="[engine:junit-jupiter]/[class:uniandes.dpoo.estructuras.tests.TestSandboxConjuntos]/[method:testInvertirCadenasVacio()]">
      <error>java.lang.NullPointerException: Cannot invoke "java.util.TreeSet.size()" because "copia" is null
	at uniandes.dpoo.estructuras.tests.TestSandboxConjuntos.testInvertirCadenasVacio(TestSandboxConjuntos.java:340)
	at java.base/java.lang.reflect.Method.invoke(Method.java:580)
	at java.base/java.util.ArrayList.forEach(ArrayList.java:1596)
	at java.base/java.util.ArrayList.forEach(ArrayList.java:1596)

</error>
    </testcase>
    <testcase name="testEliminarUltimaCadena" classname="uniandes.dpoo.estructuras.tests.TestSandboxConjuntos" time="0.001" displayname="testEliminarUltimaCadena()" uniqueid="[engine:junit-jupiter]/[class:uniandes.dpoo.estructuras.tests.TestSandboxConjuntos]/[method:testEliminarUltimaCadena()]"/>
    <testcase name="testGetUltima" classname="uniandes.dpoo.estructuras.tests.TestSandboxConjuntos" time="0.0" displayname="testGetUltima()" uniqueid="[engine:junit-jupiter]/[class:uniandes.dpoo.estructuras.tests.TestSandboxConjuntos]/[method:testGetUltima()]"/>
    <testcase name="testAgregarCadenaRepetida" classname="uniandes.dpoo.estructuras.tests.TestSandboxConjuntos" time="0.0" displayname="testAgregarCadenaRepetida()" uniqueid="[engine:junit-jupiter]/[class:uniandes.dpoo.estructuras.tests.TestSandboxConjuntos]/[method:testAgregarCadenaRepetida()]"/>
    <testcase name="testEliminarCadenaInexistente" classname="uniandes.dpoo.estructuras.tests.TestSandboxConjuntos" time="0.0" displayname="testEliminarCadenaInexistente()" uniqueid="[engine:junit-jupiter]/[class:uniandes.dpoo.estructuras.tests.TestSandboxConjuntos]/[method:testEliminarCadenaInexistente()]"/>
    <testcase name="testInvertirCadenas" classname="uniandes.dpoo.estructuras.tests.TestSandboxConjuntos" time="0.001" displayname="testInvertirCadenas()" uniqueid="[engine:junit-jupiter]/[class:uniandes.dpoo.estructuras.tests.TestSandboxConjuntos]/[method:testInvertirCadenas()]">
      <error>java.lang.NullPointerException: Cannot invoke "java.util.TreeSet.size()" because "invertido" is null
	at uniandes.dpoo.estructuras.tests.TestSandboxConjuntos.testInvertirCadenas(TestSandboxConjuntos.java:327)
	at java.base/java.lang.reflect.Method.invoke(Method.java:580)
	at java.base/java.util.ArrayList.forEach(ArrayList.java:1596)
	at java.base/java.util.ArrayList.forEach(ArrayList.java:1596)

</error>
    </testcase>
    <testcase name="testGetCadenasComoLista" classname="uniandes.dpoo.estructuras.tests.TestSandboxConjuntos" time="0.0" displayname="testGetCadenasComoLista()" uniqueid="[engine:junit-jupiter]/[class:uniandes.dpoo.estructuras.tests.TestSandboxConjuntos]/[method:testGetCadenasComoLista()]"/>
    <testcase name="testCompararElementosDiferentes" classname="uniandes.dpoo.estructuras.tests.TestSandboxConjuntos" time="0.001" displayname="testCompararElementosDiferentes()" uniqueid="[engine:junit-jupiter]/[class:uniandes.dpoo.estructuras.tests.TestSandboxConjuntos]/[method:testCompararElementosDiferentes()]"/>
  </testsuite>
</testrun>
