<?xml version="1.0" encoding="UTF-8"?><testrun name="TestSandboxListas" project="nTaller2EstructurasEsqueleto" tests="50" started="50" failures="17" errors="0" ignored="0">
  <testsuite name="uniandes.dpoo.estructuras.tests.TestSandboxListas" time="0.044" displayname="TestSandboxListas" uniqueid="[engine:junit-jupiter]/[class:uniandes.dpoo.estructuras.tests.TestSandboxListas]">
    <testcase name="testContarEnterosRepetidos" classname="uniandes.dpoo.estructuras.tests.TestSandboxListas" time="0.012" displayname="testContarEnterosRepetidos()" uniqueid="[engine:junit-jupiter]/[class:uniandes.dpoo.estructuras.tests.TestSandboxListas]/[method:testContarEnterosRepetidos()]">
      <failure>
        <expected>4</expected>
        <actual>-1</actual>
        org.opentest4j.AssertionFailedError: No contó correctamente la cantidad de enteros que están repetidos ==&gt; expected: &lt;4&gt; but was: &lt;-1&gt;
	at org.junit.jupiter.api.AssertionFailureBuilder.build(AssertionFailureBuilder.java:151)
	at org.junit.jupiter.api.AssertionFailureBuilder.buildAndThrow(AssertionFailureBuilder.java:132)
	at org.junit.jupiter.api.AssertEquals.failNotEqual(AssertEquals.java:197)
	at org.junit.jupiter.api.AssertEquals.assertEquals(AssertEquals.java:150)
	at org.junit.jupiter.api.Assertions.assertEquals(Assertions.java:563)
	at uniandes.dpoo.estructuras.tests.TestSandboxListas.testContarEnterosRepetidos(TestSandboxListas.java:560)
	at java.base/java.lang.reflect.Method.invoke(Method.java:580)
	at java.base/java.util.ArrayList.forEach(ArrayList.java:1596)
	at java.base/java.util.ArrayList.forEach(ArrayList.java:1596)


      </failure>
    </testcase>
    <testcase name="testGetCopiaEnterosVacia" classname="uniandes.dpoo.estructuras.tests.TestSandboxListas" time="0.0" displayname="testGetCopiaEnterosVacia()" uniqueid="[engine:junit-jupiter]/[class:uniandes.dpoo.estructuras.tests.TestSandboxListas]/[method:testGetCopiaEnterosVacia()]"/>
    <testcase name="testGetCopiaEnterosComoArreglosVacia" classname="uniandes.dpoo.estructuras.tests.TestSandboxListas" time="0.001" displayname="testGetCopiaEnterosComoArreglosVacia()" uniqueid="[engine:junit-jupiter]/[class:uniandes.dpoo.estructuras.tests.TestSandboxListas]/[method:testGetCopiaEnterosComoArreglosVacia()]"/>
    <testcase name="testGetCantidadCadenas" classname="uniandes.dpoo.estructuras.tests.TestSandboxListas" time="0.0" displayname="testGetCantidadCadenas()" uniqueid="[engine:junit-jupiter]/[class:uniandes.dpoo.estructuras.tests.TestSandboxListas]/[method:testGetCantidadCadenas()]"/>
    <testcase name="testOrganizarCadenas" classname="uniandes.dpoo.estructuras.tests.TestSandboxListas" time="0.001" displayname="testOrganizarCadenas()" uniqueid="[engine:junit-jupiter]/[class:uniandes.dpoo.estructuras.tests.TestSandboxListas]/[method:testOrganizarCadenas()]">
      <failure>
        <expected>true</expected>
        <actual>false</actual>
        org.opentest4j.AssertionFailedError: No se organizaron correctamente las cadenas ==&gt; expected: &lt;true&gt; but was: &lt;false&gt;
	at org.junit.jupiter.api.AssertionFailureBuilder.build(AssertionFailureBuilder.java:151)
	at org.junit.jupiter.api.AssertionFailureBuilder.buildAndThrow(AssertionFailureBuilder.java:132)
	at org.junit.jupiter.api.AssertTrue.failNotTrue(AssertTrue.java:63)
	at org.junit.jupiter.api.AssertTrue.assertTrue(AssertTrue.java:36)
	at org.junit.jupiter.api.Assertions.assertTrue(Assertions.java:214)
	at uniandes.dpoo.estructuras.tests.TestSandboxListas.testOrganizarCadenas(TestSandboxListas.java:544)
	at java.base/java.lang.reflect.Method.invoke(Method.java:580)
	at java.base/java.util.ArrayList.forEach(ArrayList.java:1596)
	at java.base/java.util.ArrayList.forEach(ArrayList.java:1596)


      </failure>
    </testcase>
    <testcase name="testAgregarCadena" classname="uniandes.dpoo.estructuras.tests.TestSandboxListas" time="0.001" displayname="testAgregarCadena()" uniqueid="[engine:junit-jupiter]/[class:uniandes.dpoo.estructuras.tests.TestSandboxListas]/[method:testAgregarCadena()]"/>
    <testcase name="testInsertarEnteroInicioVacio" classname="uniandes.dpoo.estructuras.tests.TestSandboxListas" time="0.001" displayname="testInsertarEnteroInicioVacio()" uniqueid="[engine:junit-jupiter]/[class:uniandes.dpoo.estructuras.tests.TestSandboxListas]/[method:testInsertarEnteroInicioVacio()]"/>
    <testcase name="testAgregarEntero" classname="uniandes.dpoo.estructuras.tests.TestSandboxListas" time="0.0" displayname="testAgregarEntero()" uniqueid="[engine:junit-jupiter]/[class:uniandes.dpoo.estructuras.tests.TestSandboxListas]/[method:testAgregarEntero()]"/>
    <testcase name="testAgregarEnteroVacio" classname="uniandes.dpoo.estructuras.tests.TestSandboxListas" time="0.001" displayname="testAgregarEnteroVacio()" uniqueid="[engine:junit-jupiter]/[class:uniandes.dpoo.estructuras.tests.TestSandboxListas]/[method:testAgregarEnteroVacio()]"/>
    <testcase name="testContarEnteroVacio" classname="uniandes.dpoo.estructuras.tests.TestSandboxListas" time="0.001" displayname="testContarEnteroVacio()" uniqueid="[engine:junit-jupiter]/[class:uniandes.dpoo.estructuras.tests.TestSandboxListas]/[method:testContarEnteroVacio()]">
      <failure>
        <expected>0</expected>
        <actual>-1</actual>
        org.opentest4j.AssertionFailedError: No contó correctamente el entero ==&gt; expected: &lt;0&gt; but was: &lt;-1&gt;
	at org.junit.jupiter.api.AssertionFailureBuilder.build(AssertionFailureBuilder.java:151)
	at org.junit.jupiter.api.AssertionFailureBuilder.buildAndThrow(AssertionFailureBuilder.java:132)
	at org.junit.jupiter.api.AssertEquals.failNotEqual(AssertEquals.java:197)
	at org.junit.jupiter.api.AssertEquals.assertEquals(AssertEquals.java:150)
	at org.junit.jupiter.api.Assertions.assertEquals(Assertions.java:563)
	at uniandes.dpoo.estructuras.tests.TestSandboxListas.testContarEnteroVacio(TestSandboxListas.java:484)
	at java.base/java.lang.reflect.Method.invoke(Method.java:580)
	at java.base/java.util.ArrayList.forEach(ArrayList.java:1596)
	at java.base/java.util.ArrayList.forEach(ArrayList.java:1596)


      </failure>
    </testcase>
    <testcase name="testInsertarEnteroAfueraDespues" classname="uniandes.dpoo.estructuras.tests.TestSandboxListas" time="0.0" displayname="testInsertarEnteroAfueraDespues()" uniqueid="[engine:junit-jupiter]/[class:uniandes.dpoo.estructuras.tests.TestSandboxListas]/[method:testInsertarEnteroAfueraDespues()]"/>
    <testcase name="testInsertarEnteroAfueraAntes" classname="uniandes.dpoo.estructuras.tests.TestSandboxListas" time="0.001" displayname="testInsertarEnteroAfueraAntes()" uniqueid="[engine:junit-jupiter]/[class:uniandes.dpoo.estructuras.tests.TestSandboxListas]/[method:testInsertarEnteroAfueraAntes()]"/>
    <testcase name="testReiniciarArregloCadenas" classname="uniandes.dpoo.estructuras.tests.TestSandboxListas" time="0.001" displayname="testReiniciarArregloCadenas()" uniqueid="[engine:junit-jupiter]/[class:uniandes.dpoo.estructuras.tests.TestSandboxListas]/[method:testReiniciarArregloCadenas()]">
      <failure>
        <expected>5</expected>
        <actual>9</actual>
        org.opentest4j.AssertionFailedError: La nueva cantidad de cadenas no es la correcta ==&gt; expected: &lt;5&gt; but was: &lt;9&gt;
	at org.junit.jupiter.api.AssertionFailureBuilder.build(AssertionFailureBuilder.java:151)
	at org.junit.jupiter.api.AssertionFailureBuilder.buildAndThrow(AssertionFailureBuilder.java:132)
	at org.junit.jupiter.api.AssertEquals.failNotEqual(AssertEquals.java:197)
	at org.junit.jupiter.api.AssertEquals.assertEquals(AssertEquals.java:150)
	at org.junit.jupiter.api.Assertions.assertEquals(Assertions.java:563)
	at uniandes.dpoo.estructuras.tests.TestSandboxListas.testReiniciarArregloCadenas(TestSandboxListas.java:438)
	at java.base/java.lang.reflect.Method.invoke(Method.java:580)
	at java.base/java.util.ArrayList.forEach(ArrayList.java:1596)
	at java.base/java.util.ArrayList.forEach(ArrayList.java:1596)


      </failure>
    </testcase>
    <testcase name="testVolverPositivos" classname="uniandes.dpoo.estructuras.tests.TestSandboxListas" time="0.0" displayname="testVolverPositivos()" uniqueid="[engine:junit-jupiter]/[class:uniandes.dpoo.estructuras.tests.TestSandboxListas]/[method:testVolverPositivos()]"/>
    <testcase name="testEliminarCadenaInexistenteVacio" classname="uniandes.dpoo.estructuras.tests.TestSandboxListas" time="0.001" displayname="testEliminarCadenaInexistenteVacio()" uniqueid="[engine:junit-jupiter]/[class:uniandes.dpoo.estructuras.tests.TestSandboxListas]/[method:testEliminarCadenaInexistenteVacio()]"/>
    <testcase name="testOrganizarEnterosVacio" classname="uniandes.dpoo.estructuras.tests.TestSandboxListas" time="0.0" displayname="testOrganizarEnterosVacio()" uniqueid="[engine:junit-jupiter]/[class:uniandes.dpoo.estructuras.tests.TestSandboxListas]/[method:testOrganizarEnterosVacio()]"/>
    <testcase name="testCompararArregloEnterosDiferentes" classname="uniandes.dpoo.estructuras.tests.TestSandboxListas" time="0.001" displayname="testCompararArregloEnterosDiferentes()" uniqueid="[engine:junit-jupiter]/[class:uniandes.dpoo.estructuras.tests.TestSandboxListas]/[method:testCompararArregloEnterosDiferentes()]"/>
    <testcase name="testAgregarCadenaVacio" classname="uniandes.dpoo.estructuras.tests.TestSandboxListas" time="0.0" displayname="testAgregarCadenaVacio()" uniqueid="[engine:junit-jupiter]/[class:uniandes.dpoo.estructuras.tests.TestSandboxListas]/[method:testAgregarCadenaVacio()]"/>
    <testcase name="testGetCopiaEnteros" classname="uniandes.dpoo.estructuras.tests.TestSandboxListas" time="0.0" displayname="testGetCopiaEnteros()" uniqueid="[engine:junit-jupiter]/[class:uniandes.dpoo.estructuras.tests.TestSandboxListas]/[method:testGetCopiaEnteros()]"/>
    <testcase name="testGetCopiaEnterosComoArreglos" classname="uniandes.dpoo.estructuras.tests.TestSandboxListas" time="0.0" displayname="testGetCopiaEnterosComoArreglos()" uniqueid="[engine:junit-jupiter]/[class:uniandes.dpoo.estructuras.tests.TestSandboxListas]/[method:testGetCopiaEnterosComoArreglos()]"/>
    <testcase name="testEliminarEnteroDuplicado" classname="uniandes.dpoo.estructuras.tests.TestSandboxListas" time="0.0" displayname="testEliminarEnteroDuplicado()" uniqueid="[engine:junit-jupiter]/[class:uniandes.dpoo.estructuras.tests.TestSandboxListas]/[method:testEliminarEnteroDuplicado()]"/>
    <testcase name="testGenerarEnterosDistribucion" classname="uniandes.dpoo.estructuras.tests.TestSandboxListas" time="0.001" displayname="testGenerarEnterosDistribucion()" uniqueid="[engine:junit-jupiter]/[class:uniandes.dpoo.estructuras.tests.TestSandboxListas]/[method:testGenerarEnterosDistribucion()]">
      <failure>org.opentest4j.AssertionFailedError: Los valores no están bien distribuidos
	at org.junit.jupiter.api.AssertionUtils.fail(AssertionUtils.java:38)
	at org.junit.jupiter.api.Assertions.fail(Assertions.java:138)
	at uniandes.dpoo.estructuras.tests.TestSandboxListas.testGenerarEnterosDistribucion(TestSandboxListas.java:659)
	at java.base/java.lang.reflect.Method.invoke(Method.java:580)
	at java.base/java.util.ArrayList.forEach(ArrayList.java:1596)
	at java.base/java.util.ArrayList.forEach(ArrayList.java:1596)

</failure>
    </testcase>
    <testcase name="testContarCadenaVacio" classname="uniandes.dpoo.estructuras.tests.TestSandboxListas" time="0.001" displayname="testContarCadenaVacio()" uniqueid="[engine:junit-jupiter]/[class:uniandes.dpoo.estructuras.tests.TestSandboxListas]/[method:testContarCadenaVacio()]">
      <failure>
        <expected>0</expected>
        <actual>-1</actual>
        org.opentest4j.AssertionFailedError: No contó correctamente las cadenas ==&gt; expected: &lt;0&gt; but was: &lt;-1&gt;
	at org.junit.jupiter.api.AssertionFailureBuilder.build(AssertionFailureBuilder.java:151)
	at org.junit.jupiter.api.AssertionFailureBuilder.buildAndThrow(AssertionFailureBuilder.java:132)
	at org.junit.jupiter.api.AssertEquals.failNotEqual(AssertEquals.java:197)
	at org.junit.jupiter.api.AssertEquals.assertEquals(AssertEquals.java:150)
	at org.junit.jupiter.api.Assertions.assertEquals(Assertions.java:563)
	at uniandes.dpoo.estructuras.tests.TestSandboxListas.testContarCadenaVacio(TestSandboxListas.java:505)
	at java.base/java.lang.reflect.Method.invoke(Method.java:580)
	at java.base/java.util.ArrayList.forEach(ArrayList.java:1596)
	at java.base/java.util.ArrayList.forEach(ArrayList.java:1596)


      </failure>
    </testcase>
    <testcase name="testInsertarEnteroInicio" classname="uniandes.dpoo.estructuras.tests.TestSandboxListas" time="0.0" displayname="testInsertarEnteroInicio()" uniqueid="[engine:junit-jupiter]/[class:uniandes.dpoo.estructuras.tests.TestSandboxListas]/[method:testInsertarEnteroInicio()]"/>
    <testcase name="testGetCantidadEnteros" classname="uniandes.dpoo.estructuras.tests.TestSandboxListas" time="0.001" displayname="testGetCantidadEnteros()" uniqueid="[engine:junit-jupiter]/[class:uniandes.dpoo.estructuras.tests.TestSandboxListas]/[method:testGetCantidadEnteros()]"/>
    <testcase name="testOrganizarEnteros" classname="uniandes.dpoo.estructuras.tests.TestSandboxListas" time="0.0" displayname="testOrganizarEnteros()" uniqueid="[engine:junit-jupiter]/[class:uniandes.dpoo.estructuras.tests.TestSandboxListas]/[method:testOrganizarEnteros()]">
      <failure>
        <expected>true</expected>
        <actual>false</actual>
        org.opentest4j.AssertionFailedError: No se organizaron correctamente los enteros ==&gt; expected: &lt;true&gt; but was: &lt;false&gt;
	at org.junit.jupiter.api.AssertionFailureBuilder.build(AssertionFailureBuilder.java:151)
	at org.junit.jupiter.api.AssertionFailureBuilder.buildAndThrow(AssertionFailureBuilder.java:132)
	at org.junit.jupiter.api.AssertTrue.failNotTrue(AssertTrue.java:63)
	at org.junit.jupiter.api.AssertTrue.assertTrue(AssertTrue.java:36)
	at org.junit.jupiter.api.Assertions.assertTrue(Assertions.java:214)
	at uniandes.dpoo.estructuras.tests.TestSandboxListas.testOrganizarEnteros(TestSandboxListas.java:521)
	at java.base/java.lang.reflect.Method.invoke(Method.java:580)
	at java.base/java.util.ArrayList.forEach(ArrayList.java:1596)
	at java.base/java.util.ArrayList.forEach(ArrayList.java:1596)


      </failure>
    </testcase>
    <testcase name="testGenerarEnterosBasico" classname="uniandes.dpoo.estructuras.tests.TestSandboxListas" time="0.0" displayname="testGenerarEnterosBasico()" uniqueid="[engine:junit-jupiter]/[class:uniandes.dpoo.estructuras.tests.TestSandboxListas]/[method:testGenerarEnterosBasico()]">
      <failure>
        <expected>100</expected>
        <actual>19</actual>
        org.opentest4j.AssertionFailedError: La cantidad de elementos no es correcta ==&gt; expected: &lt;100&gt; but was: &lt;19&gt;
	at org.junit.jupiter.api.AssertionFailureBuilder.build(AssertionFailureBuilder.java:151)
	at org.junit.jupiter.api.AssertionFailureBuilder.buildAndThrow(AssertionFailureBuilder.java:132)
	at org.junit.jupiter.api.AssertEquals.failNotEqual(AssertEquals.java:197)
	at org.junit.jupiter.api.AssertEquals.assertEquals(AssertEquals.java:150)
	at org.junit.jupiter.api.Assertions.assertEquals(Assertions.java:563)
	at uniandes.dpoo.estructuras.tests.TestSandboxListas.testGenerarEnterosBasico(TestSandboxListas.java:602)
	at java.base/java.lang.reflect.Method.invoke(Method.java:580)
	at java.base/java.util.ArrayList.forEach(ArrayList.java:1596)
	at java.base/java.util.ArrayList.forEach(ArrayList.java:1596)


      </failure>
    </testcase>
    <testcase name="testEliminarEnteroUnico" classname="uniandes.dpoo.estructuras.tests.TestSandboxListas" time="0.0" displayname="testEliminarEnteroUnico()" uniqueid="[engine:junit-jupiter]/[class:uniandes.dpoo.estructuras.tests.TestSandboxListas]/[method:testEliminarEnteroUnico()]"/>
    <testcase name="testEliminarEnteroVacio" classname="uniandes.dpoo.estructuras.tests.TestSandboxListas" time="0.0" displayname="testEliminarEnteroVacio()" uniqueid="[engine:junit-jupiter]/[class:uniandes.dpoo.estructuras.tests.TestSandboxListas]/[method:testEliminarEnteroVacio()]"/>
    <testcase name="testGetCopiaCadenasVacia" classname="uniandes.dpoo.estructuras.tests.TestSandboxListas" time="0.0" displayname="testGetCopiaCadenasVacia()" uniqueid="[engine:junit-jupiter]/[class:uniandes.dpoo.estructuras.tests.TestSandboxListas]/[method:testGetCopiaCadenasVacia()]"/>
    <testcase name="testGenerarEnterosGrande" classname="uniandes.dpoo.estructuras.tests.TestSandboxListas" time="0.001" displayname="testGenerarEnterosGrande()" uniqueid="[engine:junit-jupiter]/[class:uniandes.dpoo.estructuras.tests.TestSandboxListas]/[method:testGenerarEnterosGrande()]">
      <failure>
        <expected>10000</expected>
        <actual>19</actual>
        org.opentest4j.AssertionFailedError: La cantidad de elementos no es correcta ==&gt; expected: &lt;10000&gt; but was: &lt;19&gt;
	at org.junit.jupiter.api.AssertionFailureBuilder.build(AssertionFailureBuilder.java:151)
	at org.junit.jupiter.api.AssertionFailureBuilder.buildAndThrow(AssertionFailureBuilder.java:132)
	at org.junit.jupiter.api.AssertEquals.failNotEqual(AssertEquals.java:197)
	at org.junit.jupiter.api.AssertEquals.assertEquals(AssertEquals.java:150)
	at org.junit.jupiter.api.Assertions.assertEquals(Assertions.java:563)
	at uniandes.dpoo.estructuras.tests.TestSandboxListas.testGenerarEnterosGrande(TestSandboxListas.java:623)
	at java.base/java.lang.reflect.Method.invoke(Method.java:580)
	at java.base/java.util.ArrayList.forEach(ArrayList.java:1596)
	at java.base/java.util.ArrayList.forEach(ArrayList.java:1596)


      </failure>
    </testcase>
    <testcase name="testEliminarEnteroPorPosicionCorrectos" classname="uniandes.dpoo.estructuras.tests.TestSandboxListas" time="0.001" displayname="testEliminarEnteroPorPosicionCorrectos()" uniqueid="[engine:junit-jupiter]/[class:uniandes.dpoo.estructuras.tests.TestSandboxListas]/[method:testEliminarEnteroPorPosicionCorrectos()]">
      <failure>
        <expected>1</expected>
        <actual>-1</actual>
        org.opentest4j.AssertionFailedError: El valor no se eliminó correctamente ==&gt; expected: &lt;1&gt; but was: &lt;-1&gt;
	at org.junit.jupiter.api.AssertionFailureBuilder.build(AssertionFailureBuilder.java:151)
	at org.junit.jupiter.api.AssertionFailureBuilder.buildAndThrow(AssertionFailureBuilder.java:132)
	at org.junit.jupiter.api.AssertEquals.failNotEqual(AssertEquals.java:197)
	at org.junit.jupiter.api.AssertEquals.assertEquals(AssertEquals.java:150)
	at org.junit.jupiter.api.Assertions.assertEquals(Assertions.java:563)
	at uniandes.dpoo.estructuras.tests.TestSandboxListas.testEliminarEnteroPorPosicionCorrectos(TestSandboxListas.java:268)
	at java.base/java.lang.reflect.Method.invoke(Method.java:580)
	at java.base/java.util.ArrayList.forEach(ArrayList.java:1596)
	at java.base/java.util.ArrayList.forEach(ArrayList.java:1596)


      </failure>
    </testcase>
    <testcase name="testReiniciarArregloEnterosVacio" classname="uniandes.dpoo.estructuras.tests.TestSandboxListas" time="0.0" displayname="testReiniciarArregloEnterosVacio()" uniqueid="[engine:junit-jupiter]/[class:uniandes.dpoo.estructuras.tests.TestSandboxListas]/[method:testReiniciarArregloEnterosVacio()]">
      <failure>
        <expected>6</expected>
        <actual>0</actual>
        org.opentest4j.AssertionFailedError: La nueva cantidad de enteros no es la correcta ==&gt; expected: &lt;6&gt; but was: &lt;0&gt;
	at org.junit.jupiter.api.AssertionFailureBuilder.build(AssertionFailureBuilder.java:151)
	at org.junit.jupiter.api.AssertionFailureBuilder.buildAndThrow(AssertionFailureBuilder.java:132)
	at org.junit.jupiter.api.AssertEquals.failNotEqual(AssertEquals.java:197)
	at org.junit.jupiter.api.AssertEquals.assertEquals(AssertEquals.java:150)
	at org.junit.jupiter.api.Assertions.assertEquals(Assertions.java:563)
	at uniandes.dpoo.estructuras.tests.TestSandboxListas.testReiniciarArregloEnterosVacio(TestSandboxListas.java:420)
	at java.base/java.lang.reflect.Method.invoke(Method.java:580)
	at java.base/java.util.ArrayList.forEach(ArrayList.java:1596)
	at java.base/java.util.ArrayList.forEach(ArrayList.java:1596)


      </failure>
    </testcase>
    <testcase name="testEliminarCadenaDuplicado" classname="uniandes.dpoo.estructuras.tests.TestSandboxListas" time="0.0" displayname="testEliminarCadenaDuplicado()" uniqueid="[engine:junit-jupiter]/[class:uniandes.dpoo.estructuras.tests.TestSandboxListas]/[method:testEliminarCadenaDuplicado()]"/>
    <testcase name="testEliminarEnteroInexistente" classname="uniandes.dpoo.estructuras.tests.TestSandboxListas" time="0.0" displayname="testEliminarEnteroInexistente()" uniqueid="[engine:junit-jupiter]/[class:uniandes.dpoo.estructuras.tests.TestSandboxListas]/[method:testEliminarEnteroInexistente()]"/>
    <testcase name="testContarEnterosRepetidosSinRepetidos" classname="uniandes.dpoo.estructuras.tests.TestSandboxListas" time="0.0" displayname="testContarEnterosRepetidosSinRepetidos()" uniqueid="[engine:junit-jupiter]/[class:uniandes.dpoo.estructuras.tests.TestSandboxListas]/[method:testContarEnterosRepetidosSinRepetidos()]">
      <failure>
        <expected>0</expected>
        <actual>-1</actual>
        org.opentest4j.AssertionFailedError: No contó correctamente la cantidad de enteros que están repetidos ==&gt; expected: &lt;0&gt; but was: &lt;-1&gt;
	at org.junit.jupiter.api.AssertionFailureBuilder.build(AssertionFailureBuilder.java:151)
	at org.junit.jupiter.api.AssertionFailureBuilder.buildAndThrow(AssertionFailureBuilder.java:132)
	at org.junit.jupiter.api.AssertEquals.failNotEqual(AssertEquals.java:197)
	at org.junit.jupiter.api.AssertEquals.assertEquals(AssertEquals.java:150)
	at org.junit.jupiter.api.Assertions.assertEquals(Assertions.java:563)
	at uniandes.dpoo.estructuras.tests.TestSandboxListas.testContarEnterosRepetidosSinRepetidos(TestSandboxListas.java:566)
	at java.base/java.lang.reflect.Method.invoke(Method.java:580)
	at java.base/java.util.ArrayList.forEach(ArrayList.java:1596)
	at java.base/java.util.ArrayList.forEach(ArrayList.java:1596)


      </failure>
    </testcase>
    <testcase name="testContarCadena" classname="uniandes.dpoo.estructuras.tests.TestSandboxListas" time="0.001" displayname="testContarCadena()" uniqueid="[engine:junit-jupiter]/[class:uniandes.dpoo.estructuras.tests.TestSandboxListas]/[method:testContarCadena()]">
      <failure>
        <expected>1</expected>
        <actual>-1</actual>
        org.opentest4j.AssertionFailedError: No contó correctamente las cadenas ==&gt; expected: &lt;1&gt; but was: &lt;-1&gt;
	at org.junit.jupiter.api.AssertionFailureBuilder.build(AssertionFailureBuilder.java:151)
	at org.junit.jupiter.api.AssertionFailureBuilder.buildAndThrow(AssertionFailureBuilder.java:132)
	at org.junit.jupiter.api.AssertEquals.failNotEqual(AssertEquals.java:197)
	at org.junit.jupiter.api.AssertEquals.assertEquals(AssertEquals.java:150)
	at org.junit.jupiter.api.Assertions.assertEquals(Assertions.java:563)
	at uniandes.dpoo.estructuras.tests.TestSandboxListas.testContarCadena(TestSandboxListas.java:493)
	at java.base/java.lang.reflect.Method.invoke(Method.java:580)
	at java.base/java.util.ArrayList.forEach(ArrayList.java:1596)
	at java.base/java.util.ArrayList.forEach(ArrayList.java:1596)


      </failure>
    </testcase>
    <testcase name="testContarEntero" classname="uniandes.dpoo.estructuras.tests.TestSandboxListas" time="0.0" displayname="testContarEntero()" uniqueid="[engine:junit-jupiter]/[class:uniandes.dpoo.estructuras.tests.TestSandboxListas]/[method:testContarEntero()]">
      <failure>
        <expected>1</expected>
        <actual>-1</actual>
        org.opentest4j.AssertionFailedError: No contó correctamente el entero ==&gt; expected: &lt;1&gt; but was: &lt;-1&gt;
	at org.junit.jupiter.api.AssertionFailureBuilder.build(AssertionFailureBuilder.java:151)
	at org.junit.jupiter.api.AssertionFailureBuilder.buildAndThrow(AssertionFailureBuilder.java:132)
	at org.junit.jupiter.api.AssertEquals.failNotEqual(AssertEquals.java:197)
	at org.junit.jupiter.api.AssertEquals.assertEquals(AssertEquals.java:150)
	at org.junit.jupiter.api.Assertions.assertEquals(Assertions.java:563)
	at uniandes.dpoo.estructuras.tests.TestSandboxListas.testContarEntero(TestSandboxListas.java:472)
	at java.base/java.lang.reflect.Method.invoke(Method.java:580)
	at java.base/java.util.ArrayList.forEach(ArrayList.java:1596)
	at java.base/java.util.ArrayList.forEach(ArrayList.java:1596)


      </failure>
    </testcase>
    <testcase name="testEliminarCadenaUnico" classname="uniandes.dpoo.estructuras.tests.TestSandboxListas" time="0.0" displayname="testEliminarCadenaUnico()" uniqueid="[engine:junit-jupiter]/[class:uniandes.dpoo.estructuras.tests.TestSandboxListas]/[method:testEliminarCadenaUnico()]"/>
    <testcase name="testVolverPositivosVacio" classname="uniandes.dpoo.estructuras.tests.TestSandboxListas" time="0.0" displayname="testVolverPositivosVacio()" uniqueid="[engine:junit-jupiter]/[class:uniandes.dpoo.estructuras.tests.TestSandboxListas]/[method:testVolverPositivosVacio()]"/>
    <testcase name="testEliminarEnteroPorPosicionIncorrectos" classname="uniandes.dpoo.estructuras.tests.TestSandboxListas" time="0.001" displayname="testEliminarEnteroPorPosicionIncorrectos()" uniqueid="[engine:junit-jupiter]/[class:uniandes.dpoo.estructuras.tests.TestSandboxListas]/[method:testEliminarEnteroPorPosicionIncorrectos()]"/>
    <testcase name="testContarEnterosRepetidosVacio" classname="uniandes.dpoo.estructuras.tests.TestSandboxListas" time="0.0" displayname="testContarEnterosRepetidosVacio()" uniqueid="[engine:junit-jupiter]/[class:uniandes.dpoo.estructuras.tests.TestSandboxListas]/[method:testContarEnterosRepetidosVacio()]">
      <failure>
        <expected>0</expected>
        <actual>-1</actual>
        org.opentest4j.AssertionFailedError: No contó correctamente la cantidad de enteros que están repetidos ==&gt; expected: &lt;0&gt; but was: &lt;-1&gt;
	at org.junit.jupiter.api.AssertionFailureBuilder.build(AssertionFailureBuilder.java:151)
	at org.junit.jupiter.api.AssertionFailureBuilder.buildAndThrow(AssertionFailureBuilder.java:132)
	at org.junit.jupiter.api.AssertEquals.failNotEqual(AssertEquals.java:197)
	at org.junit.jupiter.api.AssertEquals.assertEquals(AssertEquals.java:150)
	at org.junit.jupiter.api.Assertions.assertEquals(Assertions.java:563)
	at uniandes.dpoo.estructuras.tests.TestSandboxListas.testContarEnterosRepetidosVacio(TestSandboxListas.java:572)
	at java.base/java.lang.reflect.Method.invoke(Method.java:580)
	at java.base/java.util.ArrayList.forEach(ArrayList.java:1596)
	at java.base/java.util.ArrayList.forEach(ArrayList.java:1596)


      </failure>
    </testcase>
    <testcase name="testReiniciarArregloEnteros" classname="uniandes.dpoo.estructuras.tests.TestSandboxListas" time="0.0" displayname="testReiniciarArregloEnteros()" uniqueid="[engine:junit-jupiter]/[class:uniandes.dpoo.estructuras.tests.TestSandboxListas]/[method:testReiniciarArregloEnteros()]">
      <failure>
        <expected>6</expected>
        <actual>19</actual>
        org.opentest4j.AssertionFailedError: La nueva cantidad de enteros no es la correcta ==&gt; expected: &lt;6&gt; but was: &lt;19&gt;
	at org.junit.jupiter.api.AssertionFailureBuilder.build(AssertionFailureBuilder.java:151)
	at org.junit.jupiter.api.AssertionFailureBuilder.buildAndThrow(AssertionFailureBuilder.java:132)
	at org.junit.jupiter.api.AssertEquals.failNotEqual(AssertEquals.java:197)
	at org.junit.jupiter.api.AssertEquals.assertEquals(AssertEquals.java:150)
	at org.junit.jupiter.api.Assertions.assertEquals(Assertions.java:563)
	at uniandes.dpoo.estructuras.tests.TestSandboxListas.testReiniciarArregloEnteros(TestSandboxListas.java:403)
	at java.base/java.lang.reflect.Method.invoke(Method.java:580)
	at java.base/java.util.ArrayList.forEach(ArrayList.java:1596)
	at java.base/java.util.ArrayList.forEach(ArrayList.java:1596)


      </failure>
    </testcase>
    <testcase name="testInsertarEnteroFinal" classname="uniandes.dpoo.estructuras.tests.TestSandboxListas" time="0.0" displayname="testInsertarEnteroFinal()" uniqueid="[engine:junit-jupiter]/[class:uniandes.dpoo.estructuras.tests.TestSandboxListas]/[method:testInsertarEnteroFinal()]"/>
    <testcase name="testInsertarEnteroMitad" classname="uniandes.dpoo.estructuras.tests.TestSandboxListas" time="0.001" displayname="testInsertarEnteroMitad()" uniqueid="[engine:junit-jupiter]/[class:uniandes.dpoo.estructuras.tests.TestSandboxListas]/[method:testInsertarEnteroMitad()]"/>
    <testcase name="testCompararArregloEnterosIguales" classname="uniandes.dpoo.estructuras.tests.TestSandboxListas" time="0.0" displayname="testCompararArregloEnterosIguales()" uniqueid="[engine:junit-jupiter]/[class:uniandes.dpoo.estructuras.tests.TestSandboxListas]/[method:testCompararArregloEnterosIguales()]">
      <failure>
        <expected>true</expected>
        <actual>false</actual>
        org.opentest4j.AssertionFailedError: No comparó correctamente los arreglos cuando eran iguales ==&gt; expected: &lt;true&gt; but was: &lt;false&gt;
	at org.junit.jupiter.api.AssertionFailureBuilder.build(AssertionFailureBuilder.java:151)
	at org.junit.jupiter.api.AssertionFailureBuilder.buildAndThrow(AssertionFailureBuilder.java:132)
	at org.junit.jupiter.api.AssertTrue.failNotTrue(AssertTrue.java:63)
	at org.junit.jupiter.api.AssertTrue.assertTrue(AssertTrue.java:36)
	at org.junit.jupiter.api.Assertions.assertTrue(Assertions.java:214)
	at uniandes.dpoo.estructuras.tests.TestSandboxListas.testCompararArregloEnterosIguales(TestSandboxListas.java:578)
	at java.base/java.lang.reflect.Method.invoke(Method.java:580)
	at java.base/java.util.ArrayList.forEach(ArrayList.java:1596)
	at java.base/java.util.ArrayList.forEach(ArrayList.java:1596)


      </failure>
    </testcase>
    <testcase name="testEliminarCadenaInexistente" classname="uniandes.dpoo.estructuras.tests.TestSandboxListas" time="0.001" displayname="testEliminarCadenaInexistente()" uniqueid="[engine:junit-jupiter]/[class:uniandes.dpoo.estructuras.tests.TestSandboxListas]/[method:testEliminarCadenaInexistente()]"/>
    <testcase name="testGetCopiaCadenas" classname="uniandes.dpoo.estructuras.tests.TestSandboxListas" time="0.0" displayname="testGetCopiaCadenas()" uniqueid="[engine:junit-jupiter]/[class:uniandes.dpoo.estructuras.tests.TestSandboxListas]/[method:testGetCopiaCadenas()]"/>
    <testcase name="testCompararArregloEnterosVacio" classname="uniandes.dpoo.estructuras.tests.TestSandboxListas" time="0.0" displayname="testCompararArregloEnterosVacio()" uniqueid="[engine:junit-jupiter]/[class:uniandes.dpoo.estructuras.tests.TestSandboxListas]/[method:testCompararArregloEnterosVacio()]"/>
    <testcase name="testOrganizarCadenasVacio" classname="uniandes.dpoo.estructuras.tests.TestSandboxListas" time="0.001" displayname="testOrganizarCadenasVacio()" uniqueid="[engine:junit-jupiter]/[class:uniandes.dpoo.estructuras.tests.TestSandboxListas]/[method:testOrganizarCadenasVacio()]"/>
  </testsuite>
</testrun>
