<?xml version="1.0" encoding="UTF-8"?><testrun name="TestSandboxArreglos" project="nTaller2EstructurasEsqueleto" tests="57" started="57" failures="7" errors="3" ignored="0">
  <testsuite name="uniandes.dpoo.estructuras.tests.TestSandboxArreglos" time="0.048" displayname="TestSandboxArreglos" uniqueid="[engine:junit-jupiter]/[class:uniandes.dpoo.estructuras.tests.TestSandboxArreglos]">
    <testcase name="testContarEnterosRepetidos" classname="uniandes.dpoo.estructuras.tests.TestSandboxArreglos" time="0.005" displayname="testContarEnterosRepetidos()" uniqueid="[engine:junit-jupiter]/[class:uniandes.dpoo.estructuras.tests.TestSandboxArreglos]/[method:testContarEnterosRepetidos()]"/>
    <testcase name="testGetCopiaEnterosVacia" classname="uniandes.dpoo.estructuras.tests.TestSandboxArreglos" time="0.001" displayname="testGetCopiaEnterosVacia()" uniqueid="[engine:junit-jupiter]/[class:uniandes.dpoo.estructuras.tests.TestSandboxArreglos]/[method:testGetCopiaEnterosVacia()]"/>
    <testcase name="testGetCantidadCadenas" classname="uniandes.dpoo.estructuras.tests.TestSandboxArreglos" time="0.0" displayname="testGetCantidadCadenas()" uniqueid="[engine:junit-jupiter]/[class:uniandes.dpoo.estructuras.tests.TestSandboxArreglos]/[method:testGetCantidadCadenas()]"/>
    <testcase name="testOrganizarCadenas" classname="uniandes.dpoo.estructuras.tests.TestSandboxArreglos" time="0.0" displayname="testOrganizarCadenas()" uniqueid="[engine:junit-jupiter]/[class:uniandes.dpoo.estructuras.tests.TestSandboxArreglos]/[method:testOrganizarCadenas()]"/>
    <testcase name="testCalcularRangoEnteros" classname="uniandes.dpoo.estructuras.tests.TestSandboxArreglos" time="0.001" displayname="testCalcularRangoEnteros()" uniqueid="[engine:junit-jupiter]/[class:uniandes.dpoo.estructuras.tests.TestSandboxArreglos]/[method:testCalcularRangoEnteros()]"/>
    <testcase name="testAgregarCadena" classname="uniandes.dpoo.estructuras.tests.TestSandboxArreglos" time="0.001" displayname="testAgregarCadena()" uniqueid="[engine:junit-jupiter]/[class:uniandes.dpoo.estructuras.tests.TestSandboxArreglos]/[method:testAgregarCadena()]"/>
    <testcase name="testInsertarEnteroInicioVacio" classname="uniandes.dpoo.estructuras.tests.TestSandboxArreglos" time="0.0" displayname="testInsertarEnteroInicioVacio()" uniqueid="[engine:junit-jupiter]/[class:uniandes.dpoo.estructuras.tests.TestSandboxArreglos]/[method:testInsertarEnteroInicioVacio()]"/>
    <testcase name="testAgregarEntero" classname="uniandes.dpoo.estructuras.tests.TestSandboxArreglos" time="0.001" displayname="testAgregarEntero()" uniqueid="[engine:junit-jupiter]/[class:uniandes.dpoo.estructuras.tests.TestSandboxArreglos]/[method:testAgregarEntero()]"/>
    <testcase name="testMismosEnterosDiferenteOrden" classname="uniandes.dpoo.estructuras.tests.TestSandboxArreglos" time="0.0" displayname="testMismosEnterosDiferenteOrden()" uniqueid="[engine:junit-jupiter]/[class:uniandes.dpoo.estructuras.tests.TestSandboxArreglos]/[method:testMismosEnterosDiferenteOrden()]"/>
    <testcase name="testMismosEnterosMismoOrden" classname="uniandes.dpoo.estructuras.tests.TestSandboxArreglos" time="0.0" displayname="testMismosEnterosMismoOrden()" uniqueid="[engine:junit-jupiter]/[class:uniandes.dpoo.estructuras.tests.TestSandboxArreglos]/[method:testMismosEnterosMismoOrden()]"/>
    <testcase name="testAgregarEnteroVacio" classname="uniandes.dpoo.estructuras.tests.TestSandboxArreglos" time="0.001" displayname="testAgregarEnteroVacio()" uniqueid="[engine:junit-jupiter]/[class:uniandes.dpoo.estructuras.tests.TestSandboxArreglos]/[method:testAgregarEnteroVacio()]"/>
    <testcase name="testContarEnteroVacio" classname="uniandes.dpoo.estructuras.tests.TestSandboxArreglos" time="0.0" displayname="testContarEnteroVacio()" uniqueid="[engine:junit-jupiter]/[class:uniandes.dpoo.estructuras.tests.TestSandboxArreglos]/[method:testContarEnteroVacio()]"/>
    <testcase name="testInsertarEnteroAfueraDespues" classname="uniandes.dpoo.estructuras.tests.TestSandboxArreglos" time="0.006" displayname="testInsertarEnteroAfueraDespues()" uniqueid="[engine:junit-jupiter]/[class:uniandes.dpoo.estructuras.tests.TestSandboxArreglos]/[method:testInsertarEnteroAfueraDespues()]">
      <failure>
        <expected>20</expected>
        <actual>19</actual>
        org.opentest4j.AssertionFailedError: La cantidad de enteros no aumentó correctamente ==&gt; expected: &lt;20&gt; but was: &lt;19&gt;
	at org.junit.jupiter.api.AssertionFailureBuilder.build(AssertionFailureBuilder.java:151)
	at org.junit.jupiter.api.AssertionFailureBuilder.buildAndThrow(AssertionFailureBuilder.java:132)
	at org.junit.jupiter.api.AssertEquals.failNotEqual(AssertEquals.java:197)
	at org.junit.jupiter.api.AssertEquals.assertEquals(AssertEquals.java:150)
	at org.junit.jupiter.api.Assertions.assertEquals(Assertions.java:563)
	at uniandes.dpoo.estructuras.tests.TestSandboxArreglos.testInsertarEnteroAfueraDespues(TestSandboxArreglos.java:329)
	at java.base/java.lang.reflect.Method.invoke(Method.java:580)
	at java.base/java.util.ArrayList.forEach(ArrayList.java:1596)
	at java.base/java.util.ArrayList.forEach(ArrayList.java:1596)


      </failure>
    </testcase>
    <testcase name="testInsertarEnteroAfueraAntes" classname="uniandes.dpoo.estructuras.tests.TestSandboxArreglos" time="0.001" displayname="testInsertarEnteroAfueraAntes()" uniqueid="[engine:junit-jupiter]/[class:uniandes.dpoo.estructuras.tests.TestSandboxArreglos]/[method:testInsertarEnteroAfueraAntes()]">
      <failure>
        <expected>20</expected>
        <actual>19</actual>
        org.opentest4j.AssertionFailedError: La cantidad de enteros no aumentó correctamente ==&gt; expected: &lt;20&gt; but was: &lt;19&gt;
	at org.junit.jupiter.api.AssertionFailureBuilder.build(AssertionFailureBuilder.java:151)
	at org.junit.jupiter.api.AssertionFailureBuilder.buildAndThrow(AssertionFailureBuilder.java:132)
	at org.junit.jupiter.api.AssertEquals.failNotEqual(AssertEquals.java:197)
	at org.junit.jupiter.api.AssertEquals.assertEquals(AssertEquals.java:150)
	at org.junit.jupiter.api.Assertions.assertEquals(Assertions.java:563)
	at uniandes.dpoo.estructuras.tests.TestSandboxArreglos.testInsertarEnteroAfueraAntes(TestSandboxArreglos.java:345)
	at java.base/java.lang.reflect.Method.invoke(Method.java:580)
	at java.base/java.util.ArrayList.forEach(ArrayList.java:1596)
	at java.base/java.util.ArrayList.forEach(ArrayList.java:1596)


      </failure>
    </testcase>
    <testcase name="testReiniciarArregloCadenas" classname="uniandes.dpoo.estructuras.tests.TestSandboxArreglos" time="0.001" displayname="testReiniciarArregloCadenas()" uniqueid="[engine:junit-jupiter]/[class:uniandes.dpoo.estructuras.tests.TestSandboxArreglos]/[method:testReiniciarArregloCadenas()]">
      <error>java.lang.ClassCastException: class java.lang.Double cannot be cast to class java.lang.Integer (java.lang.Double and java.lang.Integer are in module java.base of loader 'bootstrap')
	at uniandes.dpoo.estructuras.logica.SandboxArreglos.reiniciarArregloCadenas(SandboxArreglos.java:228)
	at uniandes.dpoo.estructuras.tests.TestSandboxArreglos.testReiniciarArregloCadenas(TestSandboxArreglos.java:414)
	at java.base/java.lang.reflect.Method.invoke(Method.java:580)
	at java.base/java.util.ArrayList.forEach(ArrayList.java:1596)
	at java.base/java.util.ArrayList.forEach(ArrayList.java:1596)

</error>
    </testcase>
    <testcase name="testVolverPositivos" classname="uniandes.dpoo.estructuras.tests.TestSandboxArreglos" time="0.001" displayname="testVolverPositivos()" uniqueid="[engine:junit-jupiter]/[class:uniandes.dpoo.estructuras.tests.TestSandboxArreglos]/[method:testVolverPositivos()]"/>
    <testcase name="testEliminarCadenaInexistenteVacio" classname="uniandes.dpoo.estructuras.tests.TestSandboxArreglos" time="0.0" displayname="testEliminarCadenaInexistenteVacio()" uniqueid="[engine:junit-jupiter]/[class:uniandes.dpoo.estructuras.tests.TestSandboxArreglos]/[method:testEliminarCadenaInexistenteVacio()]"/>
    <testcase name="testOrganizarEnterosVacio" classname="uniandes.dpoo.estructuras.tests.TestSandboxArreglos" time="0.0" displayname="testOrganizarEnterosVacio()" uniqueid="[engine:junit-jupiter]/[class:uniandes.dpoo.estructuras.tests.TestSandboxArreglos]/[method:testOrganizarEnterosVacio()]"/>
    <testcase name="testCompararArregloEnterosDiferentes" classname="uniandes.dpoo.estructuras.tests.TestSandboxArreglos" time="0.0" displayname="testCompararArregloEnterosDiferentes()" uniqueid="[engine:junit-jupiter]/[class:uniandes.dpoo.estructuras.tests.TestSandboxArreglos]/[method:testCompararArregloEnterosDiferentes()]"/>
    <testcase name="testAgregarCadenaVacio" classname="uniandes.dpoo.estructuras.tests.TestSandboxArreglos" time="0.001" displayname="testAgregarCadenaVacio()" uniqueid="[engine:junit-jupiter]/[class:uniandes.dpoo.estructuras.tests.TestSandboxArreglos]/[method:testAgregarCadenaVacio()]"/>
    <testcase name="testGetCopiaEnteros" classname="uniandes.dpoo.estructuras.tests.TestSandboxArreglos" time="0.0" displayname="testGetCopiaEnteros()" uniqueid="[engine:junit-jupiter]/[class:uniandes.dpoo.estructuras.tests.TestSandboxArreglos]/[method:testGetCopiaEnteros()]"/>
    <testcase name="testEliminarEnteroDuplicado" classname="uniandes.dpoo.estructuras.tests.TestSandboxArreglos" time="0.001" displayname="testEliminarEnteroDuplicado()" uniqueid="[engine:junit-jupiter]/[class:uniandes.dpoo.estructuras.tests.TestSandboxArreglos]/[method:testEliminarEnteroDuplicado()]">
      <failure>
        <expected>17</expected>
        <actual>19</actual>
        org.opentest4j.AssertionFailedError: La cantidad de enteros debería haber disminuido en 2 ==&gt; expected: &lt;17&gt; but was: &lt;19&gt;
	at org.junit.jupiter.api.AssertionFailureBuilder.build(AssertionFailureBuilder.java:151)
	at org.junit.jupiter.api.AssertionFailureBuilder.buildAndThrow(AssertionFailureBuilder.java:132)
	at org.junit.jupiter.api.AssertEquals.failNotEqual(AssertEquals.java:197)
	at org.junit.jupiter.api.AssertEquals.assertEquals(AssertEquals.java:150)
	at org.junit.jupiter.api.Assertions.assertEquals(Assertions.java:563)
	at uniandes.dpoo.estructuras.tests.TestSandboxArreglos.testEliminarEnteroDuplicado(TestSandboxArreglos.java:185)
	at java.base/java.lang.reflect.Method.invoke(Method.java:580)
	at java.base/java.util.ArrayList.forEach(ArrayList.java:1596)
	at java.base/java.util.ArrayList.forEach(ArrayList.java:1596)


      </failure>
    </testcase>
    <testcase name="testEncontrarEnteroVacio" classname="uniandes.dpoo.estructuras.tests.TestSandboxArreglos" time="0.0" displayname="testEncontrarEnteroVacio()" uniqueid="[engine:junit-jupiter]/[class:uniandes.dpoo.estructuras.tests.TestSandboxArreglos]/[method:testEncontrarEnteroVacio()]"/>
    <testcase name="testGenerarEnterosDistribucion" classname="uniandes.dpoo.estructuras.tests.TestSandboxArreglos" time="0.003" displayname="testGenerarEnterosDistribucion()" uniqueid="[engine:junit-jupiter]/[class:uniandes.dpoo.estructuras.tests.TestSandboxArreglos]/[method:testGenerarEnterosDistribucion()]"/>
    <testcase name="testContarCadenaVacio" classname="uniandes.dpoo.estructuras.tests.TestSandboxArreglos" time="0.001" displayname="testContarCadenaVacio()" uniqueid="[engine:junit-jupiter]/[class:uniandes.dpoo.estructuras.tests.TestSandboxArreglos]/[method:testContarCadenaVacio()]"/>
    <testcase name="testInsertarEnteroInicio" classname="uniandes.dpoo.estructuras.tests.TestSandboxArreglos" time="0.0" displayname="testInsertarEnteroInicio()" uniqueid="[engine:junit-jupiter]/[class:uniandes.dpoo.estructuras.tests.TestSandboxArreglos]/[method:testInsertarEnteroInicio()]"/>
    <testcase name="testGetCantidadEnteros" classname="uniandes.dpoo.estructuras.tests.TestSandboxArreglos" time="0.001" displayname="testGetCantidadEnteros()" uniqueid="[engine:junit-jupiter]/[class:uniandes.dpoo.estructuras.tests.TestSandboxArreglos]/[method:testGetCantidadEnteros()]"/>
    <testcase name="testOrganizarEnteros" classname="uniandes.dpoo.estructuras.tests.TestSandboxArreglos" time="0.0" displayname="testOrganizarEnteros()" uniqueid="[engine:junit-jupiter]/[class:uniandes.dpoo.estructuras.tests.TestSandboxArreglos]/[method:testOrganizarEnteros()]"/>
    <testcase name="testCalcularHistograma" classname="uniandes.dpoo.estructuras.tests.TestSandboxArreglos" time="0.0" displayname="testCalcularHistograma()" uniqueid="[engine:junit-jupiter]/[class:uniandes.dpoo.estructuras.tests.TestSandboxArreglos]/[method:testCalcularHistograma()]"/>
    <testcase name="testGenerarEnterosBasico" classname="uniandes.dpoo.estructuras.tests.TestSandboxArreglos" time="0.0" displayname="testGenerarEnterosBasico()" uniqueid="[engine:junit-jupiter]/[class:uniandes.dpoo.estructuras.tests.TestSandboxArreglos]/[method:testGenerarEnterosBasico()]"/>
    <testcase name="testEliminarEnteroUnico" classname="uniandes.dpoo.estructuras.tests.TestSandboxArreglos" time="0.001" displayname="testEliminarEnteroUnico()" uniqueid="[engine:junit-jupiter]/[class:uniandes.dpoo.estructuras.tests.TestSandboxArreglos]/[method:testEliminarEnteroUnico()]">
      <failure>
        <expected>18</expected>
        <actual>19</actual>
        org.opentest4j.AssertionFailedError: La cantidad de enteros debería haber disminuido en 1 ==&gt; expected: &lt;18&gt; but was: &lt;19&gt;
	at org.junit.jupiter.api.AssertionFailureBuilder.build(AssertionFailureBuilder.java:151)
	at org.junit.jupiter.api.AssertionFailureBuilder.buildAndThrow(AssertionFailureBuilder.java:132)
	at org.junit.jupiter.api.AssertEquals.failNotEqual(AssertEquals.java:197)
	at org.junit.jupiter.api.AssertEquals.assertEquals(AssertEquals.java:150)
	at org.junit.jupiter.api.Assertions.assertEquals(Assertions.java:563)
	at uniandes.dpoo.estructuras.tests.TestSandboxArreglos.testEliminarEnteroUnico(TestSandboxArreglos.java:177)
	at java.base/java.lang.reflect.Method.invoke(Method.java:580)
	at java.base/java.util.ArrayList.forEach(ArrayList.java:1596)
	at java.base/java.util.ArrayList.forEach(ArrayList.java:1596)


      </failure>
    </testcase>
    <testcase name="testEliminarEnteroVacio" classname="uniandes.dpoo.estructuras.tests.TestSandboxArreglos" time="0.0" displayname="testEliminarEnteroVacio()" uniqueid="[engine:junit-jupiter]/[class:uniandes.dpoo.estructuras.tests.TestSandboxArreglos]/[method:testEliminarEnteroVacio()]"/>
    <testcase name="testCalcularRangoEnterosVacio" classname="uniandes.dpoo.estructuras.tests.TestSandboxArreglos" time="0.001" displayname="testCalcularRangoEnterosVacio()" uniqueid="[engine:junit-jupiter]/[class:uniandes.dpoo.estructuras.tests.TestSandboxArreglos]/[method:testCalcularRangoEnterosVacio()]">
      <error>java.lang.ArrayIndexOutOfBoundsException: Index 0 out of bounds for length 0
	at uniandes.dpoo.estructuras.logica.SandboxArreglos.calcularRangoEnteros(SandboxArreglos.java:366)
	at uniandes.dpoo.estructuras.tests.TestSandboxArreglos.testCalcularRangoEnterosVacio(TestSandboxArreglos.java:579)
	at java.base/java.lang.reflect.Method.invoke(Method.java:580)
	at java.base/java.util.ArrayList.forEach(ArrayList.java:1596)
	at java.base/java.util.ArrayList.forEach(ArrayList.java:1596)

</error>
    </testcase>
    <testcase name="testGetCopiaCadenasVacia" classname="uniandes.dpoo.estructuras.tests.TestSandboxArreglos" time="0.001" displayname="testGetCopiaCadenasVacia()" uniqueid="[engine:junit-jupiter]/[class:uniandes.dpoo.estructuras.tests.TestSandboxArreglos]/[method:testGetCopiaCadenasVacia()]"/>
    <testcase name="testGenerarEnterosGrande" classname="uniandes.dpoo.estructuras.tests.TestSandboxArreglos" time="0.001" displayname="testGenerarEnterosGrande()" uniqueid="[engine:junit-jupiter]/[class:uniandes.dpoo.estructuras.tests.TestSandboxArreglos]/[method:testGenerarEnterosGrande()]"/>
    <testcase name="testEncontrarEntero" classname="uniandes.dpoo.estructuras.tests.TestSandboxArreglos" time="0.001" displayname="testEncontrarEntero()" uniqueid="[engine:junit-jupiter]/[class:uniandes.dpoo.estructuras.tests.TestSandboxArreglos]/[method:testEncontrarEntero()]"/>
    <testcase name="testEliminarEnteroPorPosicionCorrectos" classname="uniandes.dpoo.estructuras.tests.TestSandboxArreglos" time="0.0" displayname="testEliminarEnteroPorPosicionCorrectos()" uniqueid="[engine:junit-jupiter]/[class:uniandes.dpoo.estructuras.tests.TestSandboxArreglos]/[method:testEliminarEnteroPorPosicionCorrectos()]"/>
    <testcase name="testReiniciarArregloEnterosVacio" classname="uniandes.dpoo.estructuras.tests.TestSandboxArreglos" time="0.001" displayname="testReiniciarArregloEnterosVacio()" uniqueid="[engine:junit-jupiter]/[class:uniandes.dpoo.estructuras.tests.TestSandboxArreglos]/[method:testReiniciarArregloEnterosVacio()]"/>
    <testcase name="testEliminarCadenaDuplicado" classname="uniandes.dpoo.estructuras.tests.TestSandboxArreglos" time="0.0" displayname="testEliminarCadenaDuplicado()" uniqueid="[engine:junit-jupiter]/[class:uniandes.dpoo.estructuras.tests.TestSandboxArreglos]/[method:testEliminarCadenaDuplicado()]">
      <failure>
        <expected>7</expected>
        <actual>9</actual>
        org.opentest4j.AssertionFailedError: La cantidad de cadenas debería haber disminuido en 2 ==&gt; expected: &lt;7&gt; but was: &lt;9&gt;
	at org.junit.jupiter.api.AssertionFailureBuilder.build(AssertionFailureBuilder.java:151)
	at org.junit.jupiter.api.AssertionFailureBuilder.buildAndThrow(AssertionFailureBuilder.java:132)
	at org.junit.jupiter.api.AssertEquals.failNotEqual(AssertEquals.java:197)
	at org.junit.jupiter.api.AssertEquals.assertEquals(AssertEquals.java:150)
	at org.junit.jupiter.api.Assertions.assertEquals(Assertions.java:563)
	at uniandes.dpoo.estructuras.tests.TestSandboxArreglos.testEliminarCadenaDuplicado(TestSandboxArreglos.java:216)
	at java.base/java.lang.reflect.Method.invoke(Method.java:580)
	at java.base/java.util.ArrayList.forEach(ArrayList.java:1596)
	at java.base/java.util.ArrayList.forEach(ArrayList.java:1596)


      </failure>
    </testcase>
    <testcase name="testMismosEnterosVacio" classname="uniandes.dpoo.estructuras.tests.TestSandboxArreglos" time="0.0" displayname="testMismosEnterosVacio()" uniqueid="[engine:junit-jupiter]/[class:uniandes.dpoo.estructuras.tests.TestSandboxArreglos]/[method:testMismosEnterosVacio()]"/>
    <testcase name="testEliminarEnteroInexistente" classname="uniandes.dpoo.estructuras.tests.TestSandboxArreglos" time="0.0" displayname="testEliminarEnteroInexistente()" uniqueid="[engine:junit-jupiter]/[class:uniandes.dpoo.estructuras.tests.TestSandboxArreglos]/[method:testEliminarEnteroInexistente()]"/>
    <testcase name="testContarEnterosRepetidosSinRepetidos" classname="uniandes.dpoo.estructuras.tests.TestSandboxArreglos" time="0.001" displayname="testContarEnterosRepetidosSinRepetidos()" uniqueid="[engine:junit-jupiter]/[class:uniandes.dpoo.estructuras.tests.TestSandboxArreglos]/[method:testContarEnterosRepetidosSinRepetidos()]"/>
    <testcase name="testContarCadena" classname="uniandes.dpoo.estructuras.tests.TestSandboxArreglos" time="0.0" displayname="testContarCadena()" uniqueid="[engine:junit-jupiter]/[class:uniandes.dpoo.estructuras.tests.TestSandboxArreglos]/[method:testContarCadena()]">
      <failure>
        <expected>2</expected>
        <actual>0</actual>
        org.opentest4j.AssertionFailedError: No contó correctamente las cadenas con diferencias entre mayúsculas y minúsculas ==&gt; expected: &lt;2&gt; but was: &lt;0&gt;
	at org.junit.jupiter.api.AssertionFailureBuilder.build(AssertionFailureBuilder.java:151)
	at org.junit.jupiter.api.AssertionFailureBuilder.buildAndThrow(AssertionFailureBuilder.java:132)
	at org.junit.jupiter.api.AssertEquals.failNotEqual(AssertEquals.java:197)
	at org.junit.jupiter.api.AssertEquals.assertEquals(AssertEquals.java:150)
	at org.junit.jupiter.api.Assertions.assertEquals(Assertions.java:563)
	at uniandes.dpoo.estructuras.tests.TestSandboxArreglos.testContarCadena(TestSandboxArreglos.java:471)
	at java.base/java.lang.reflect.Method.invoke(Method.java:580)
	at java.base/java.util.ArrayList.forEach(ArrayList.java:1596)
	at java.base/java.util.ArrayList.forEach(ArrayList.java:1596)


      </failure>
    </testcase>
    <testcase name="testContarEntero" classname="uniandes.dpoo.estructuras.tests.TestSandboxArreglos" time="0.0" displayname="testContarEntero()" uniqueid="[engine:junit-jupiter]/[class:uniandes.dpoo.estructuras.tests.TestSandboxArreglos]/[method:testContarEntero()]"/>
    <testcase name="testEliminarCadenaUnico" classname="uniandes.dpoo.estructuras.tests.TestSandboxArreglos" time="0.002" displayname="testEliminarCadenaUnico()" uniqueid="[engine:junit-jupiter]/[class:uniandes.dpoo.estructuras.tests.TestSandboxArreglos]/[method:testEliminarCadenaUnico()]">
      <failure>
        <expected>8</expected>
        <actual>9</actual>
        org.opentest4j.AssertionFailedError: La cantidad de cadenas debería haber disminuido en 1 ==&gt; expected: &lt;8&gt; but was: &lt;9&gt;
	at org.junit.jupiter.api.AssertionFailureBuilder.build(AssertionFailureBuilder.java:151)
	at org.junit.jupiter.api.AssertionFailureBuilder.buildAndThrow(AssertionFailureBuilder.java:132)
	at org.junit.jupiter.api.AssertEquals.failNotEqual(AssertEquals.java:197)
	at org.junit.jupiter.api.AssertEquals.assertEquals(AssertEquals.java:150)
	at org.junit.jupiter.api.Assertions.assertEquals(Assertions.java:563)
	at uniandes.dpoo.estructuras.tests.TestSandboxArreglos.testEliminarCadenaUnico(TestSandboxArreglos.java:208)
	at java.base/java.lang.reflect.Method.invoke(Method.java:580)
	at java.base/java.util.ArrayList.forEach(ArrayList.java:1596)
	at java.base/java.util.ArrayList.forEach(ArrayList.java:1596)


      </failure>
    </testcase>
    <testcase name="testVolverPositivosVacio" classname="uniandes.dpoo.estructuras.tests.TestSandboxArreglos" time="0.0" displayname="testVolverPositivosVacio()" uniqueid="[engine:junit-jupiter]/[class:uniandes.dpoo.estructuras.tests.TestSandboxArreglos]/[method:testVolverPositivosVacio()]"/>
    <testcase name="testEliminarEnteroPorPosicionIncorrectos" classname="uniandes.dpoo.estructuras.tests.TestSandboxArreglos" time="0.001" displayname="testEliminarEnteroPorPosicionIncorrectos()" uniqueid="[engine:junit-jupiter]/[class:uniandes.dpoo.estructuras.tests.TestSandboxArreglos]/[method:testEliminarEnteroPorPosicionIncorrectos()]">
      <error>java.lang.ArrayIndexOutOfBoundsException: Index 18 out of bounds for length 18
	at uniandes.dpoo.estructuras.logica.SandboxArreglos.eliminarEnteroPorPosicion(SandboxArreglos.java:189)
	at uniandes.dpoo.estructuras.tests.TestSandboxArreglos.testEliminarEnteroPorPosicionIncorrectos(TestSandboxArreglos.java:274)
	at java.base/java.lang.reflect.Method.invoke(Method.java:580)
	at java.base/java.util.ArrayList.forEach(ArrayList.java:1596)
	at java.base/java.util.ArrayList.forEach(ArrayList.java:1596)

</error>
    </testcase>
    <testcase name="testContarEnterosRepetidosVacio" classname="uniandes.dpoo.estructuras.tests.TestSandboxArreglos" time="0.0" displayname="testContarEnterosRepetidosVacio()" uniqueid="[engine:junit-jupiter]/[class:uniandes.dpoo.estructuras.tests.TestSandboxArreglos]/[method:testContarEnterosRepetidosVacio()]"/>
    <testcase name="testReiniciarArregloEnteros" classname="uniandes.dpoo.estructuras.tests.TestSandboxArreglos" time="0.0" displayname="testReiniciarArregloEnteros()" uniqueid="[engine:junit-jupiter]/[class:uniandes.dpoo.estructuras.tests.TestSandboxArreglos]/[method:testReiniciarArregloEnteros()]"/>
    <testcase name="testInsertarEnteroFinal" classname="uniandes.dpoo.estructuras.tests.TestSandboxArreglos" time="0.0" displayname="testInsertarEnteroFinal()" uniqueid="[engine:junit-jupiter]/[class:uniandes.dpoo.estructuras.tests.TestSandboxArreglos]/[method:testInsertarEnteroFinal()]"/>
    <testcase name="testInsertarEnteroMitad" classname="uniandes.dpoo.estructuras.tests.TestSandboxArreglos" time="0.0" displayname="testInsertarEnteroMitad()" uniqueid="[engine:junit-jupiter]/[class:uniandes.dpoo.estructuras.tests.TestSandboxArreglos]/[method:testInsertarEnteroMitad()]"/>
    <testcase name="testCompararArregloEnterosIguales" classname="uniandes.dpoo.estructuras.tests.TestSandboxArreglos" time="0.001" displayname="testCompararArregloEnterosIguales()" uniqueid="[engine:junit-jupiter]/[class:uniandes.dpoo.estructuras.tests.TestSandboxArreglos]/[method:testCompararArregloEnterosIguales()]"/>
    <testcase name="testEliminarCadenaInexistente" classname="uniandes.dpoo.estructuras.tests.TestSandboxArreglos" time="0.0" displayname="testEliminarCadenaInexistente()" uniqueid="[engine:junit-jupiter]/[class:uniandes.dpoo.estructuras.tests.TestSandboxArreglos]/[method:testEliminarCadenaInexistente()]"/>
    <testcase name="testGetCopiaCadenas" classname="uniandes.dpoo.estructuras.tests.TestSandboxArreglos" time="0.0" displayname="testGetCopiaCadenas()" uniqueid="[engine:junit-jupiter]/[class:uniandes.dpoo.estructuras.tests.TestSandboxArreglos]/[method:testGetCopiaCadenas()]"/>
    <testcase name="testCompararArregloEnterosVacio" classname="uniandes.dpoo.estructuras.tests.TestSandboxArreglos" time="0.001" displayname="testCompararArregloEnterosVacio()" uniqueid="[engine:junit-jupiter]/[class:uniandes.dpoo.estructuras.tests.TestSandboxArreglos]/[method:testCompararArregloEnterosVacio()]"/>
    <testcase name="testCalcularHistogramaVacio" classname="uniandes.dpoo.estructuras.tests.TestSandboxArreglos" time="0.0" displayname="testCalcularHistogramaVacio()" uniqueid="[engine:junit-jupiter]/[class:uniandes.dpoo.estructuras.tests.TestSandboxArreglos]/[method:testCalcularHistogramaVacio()]"/>
    <testcase name="testOrganizarCadenasVacio" classname="uniandes.dpoo.estructuras.tests.TestSandboxArreglos" time="0.0" displayname="testOrganizarCadenasVacio()" uniqueid="[engine:junit-jupiter]/[class:uniandes.dpoo.estructuras.tests.TestSandboxArreglos]/[method:testOrganizarCadenasVacio()]"/>
  </testsuite>
</testrun>
