<?xml version="1.0" encoding="UTF-8"?><testrun name="TestSandboxConjuntos" project="nTaller2EstructurasEsqueleto" tests="31" started="31" failures="23" errors="3" ignored="0">
  <testsuite name="uniandes.dpoo.estructuras.tests.TestSandboxConjuntos" time="0.033" displayname="TestSandboxConjuntos" uniqueid="[engine:junit-jupiter]/[class:uniandes.dpoo.estructuras.tests.TestSandboxConjuntos]">
    <testcase name="testVolverMayusculasVacio" classname="uniandes.dpoo.estructuras.tests.TestSandboxConjuntos" time="0.006" displayname="testVolverMayusculasVacio()" uniqueid="[engine:junit-jupiter]/[class:uniandes.dpoo.estructuras.tests.TestSandboxConjuntos]/[method:testVolverMayusculasVacio()]"/>
    <testcase name="testGetCantidadCadenas" classname="uniandes.dpoo.estructuras.tests.TestSandboxConjuntos" time="0.004" displayname="testGetCantidadCadenas()" uniqueid="[engine:junit-jupiter]/[class:uniandes.dpoo.estructuras.tests.TestSandboxConjuntos]/[method:testGetCantidadCadenas()]">
      <failure>
        <expected>5</expected>
        <actual>-1</actual>
        org.opentest4j.AssertionFailedError: La cantidad de cadenas no es correcta ==&gt; expected: &lt;5&gt; but was: &lt;-1&gt;
	at org.junit.jupiter.api.AssertionFailureBuilder.build(AssertionFailureBuilder.java:151)
	at org.junit.jupiter.api.AssertionFailureBuilder.buildAndThrow(AssertionFailureBuilder.java:132)
	at org.junit.jupiter.api.AssertEquals.failNotEqual(AssertEquals.java:197)
	at org.junit.jupiter.api.AssertEquals.assertEquals(AssertEquals.java:150)
	at org.junit.jupiter.api.Assertions.assertEquals(Assertions.java:563)
	at uniandes.dpoo.estructuras.tests.TestSandboxConjuntos.testGetCantidadCadenas(TestSandboxConjuntos.java:60)
	at java.base/java.lang.reflect.Method.invoke(Method.java:580)
	at java.base/java.util.ArrayList.forEach(ArrayList.java:1596)
	at java.base/java.util.ArrayList.forEach(ArrayList.java:1596)


      </failure>
    </testcase>
    <testcase name="testEliminarPrimera" classname="uniandes.dpoo.estructuras.tests.TestSandboxConjuntos" time="0.001" displayname="testEliminarPrimera()" uniqueid="[engine:junit-jupiter]/[class:uniandes.dpoo.estructuras.tests.TestSandboxConjuntos]/[method:testEliminarPrimera()]">
      <failure>
        <expected>5</expected>
        <actual>-1</actual>
        org.opentest4j.AssertionFailedError: La cantidad inicial de cadenas no es correcta ==&gt; expected: &lt;5&gt; but was: &lt;-1&gt;
	at org.junit.jupiter.api.AssertionFailureBuilder.build(AssertionFailureBuilder.java:151)
	at org.junit.jupiter.api.AssertionFailureBuilder.buildAndThrow(AssertionFailureBuilder.java:132)
	at org.junit.jupiter.api.AssertEquals.failNotEqual(AssertEquals.java:197)
	at org.junit.jupiter.api.AssertEquals.assertEquals(AssertEquals.java:150)
	at org.junit.jupiter.api.Assertions.assertEquals(Assertions.java:563)
	at uniandes.dpoo.estructuras.tests.TestSandboxConjuntos.testEliminarPrimera(TestSandboxConjuntos.java:280)
	at java.base/java.lang.reflect.Method.invoke(Method.java:580)
	at java.base/java.util.ArrayList.forEach(ArrayList.java:1596)
	at java.base/java.util.ArrayList.forEach(ArrayList.java:1596)


      </failure>
    </testcase>
    <testcase name="testAgregarCadenaIntermedia" classname="uniandes.dpoo.estructuras.tests.TestSandboxConjuntos" time="0.001" displayname="testAgregarCadenaIntermedia()" uniqueid="[engine:junit-jupiter]/[class:uniandes.dpoo.estructuras.tests.TestSandboxConjuntos]/[method:testAgregarCadenaIntermedia()]">
      <failure>
        <expected>5</expected>
        <actual>-1</actual>
        org.opentest4j.AssertionFailedError: La cantidad inicial de cadenas no es correcta ==&gt; expected: &lt;5&gt; but was: &lt;-1&gt;
	at org.junit.jupiter.api.AssertionFailureBuilder.build(AssertionFailureBuilder.java:151)
	at org.junit.jupiter.api.AssertionFailureBuilder.buildAndThrow(AssertionFailureBuilder.java:132)
	at org.junit.jupiter.api.AssertEquals.failNotEqual(AssertEquals.java:197)
	at org.junit.jupiter.api.AssertEquals.assertEquals(AssertEquals.java:150)
	at org.junit.jupiter.api.Assertions.assertEquals(Assertions.java:563)
	at uniandes.dpoo.estructuras.tests.TestSandboxConjuntos.testAgregarCadenaIntermedia(TestSandboxConjuntos.java:195)
	at java.base/java.lang.reflect.Method.invoke(Method.java:580)
	at java.base/java.util.ArrayList.forEach(ArrayList.java:1596)
	at java.base/java.util.ArrayList.forEach(ArrayList.java:1596)


      </failure>
    </testcase>
    <testcase name="testEliminarCadenaSinMayusculasOMinusculasIgual" classname="uniandes.dpoo.estructuras.tests.TestSandboxConjuntos" time="0.001" displayname="testEliminarCadenaSinMayusculasOMinusculasIgual()" uniqueid="[engine:junit-jupiter]/[class:uniandes.dpoo.estructuras.tests.TestSandboxConjuntos]/[method:testEliminarCadenaSinMayusculasOMinusculasIgual()]">
      <failure>
        <expected>5</expected>
        <actual>-1</actual>
        org.opentest4j.AssertionFailedError: La cantidad inicial de cadenas no es correcta ==&gt; expected: &lt;5&gt; but was: &lt;-1&gt;
	at org.junit.jupiter.api.AssertionFailureBuilder.build(AssertionFailureBuilder.java:151)
	at org.junit.jupiter.api.AssertionFailureBuilder.buildAndThrow(AssertionFailureBuilder.java:132)
	at org.junit.jupiter.api.AssertEquals.failNotEqual(AssertEquals.java:197)
	at org.junit.jupiter.api.AssertEquals.assertEquals(AssertEquals.java:150)
	at org.junit.jupiter.api.Assertions.assertEquals(Assertions.java:563)
	at uniandes.dpoo.estructuras.tests.TestSandboxConjuntos.testEliminarCadenaSinMayusculasOMinusculasIgual(TestSandboxConjuntos.java:265)
	at java.base/java.lang.reflect.Method.invoke(Method.java:580)
	at java.base/java.util.ArrayList.forEach(ArrayList.java:1596)
	at java.base/java.util.ArrayList.forEach(ArrayList.java:1596)


      </failure>
    </testcase>
    <testcase name="testEliminarCadenaSinMayusculasOMinusculasVacio" classname="uniandes.dpoo.estructuras.tests.TestSandboxConjuntos" time="0.0" displayname="testEliminarCadenaSinMayusculasOMinusculasVacio()" uniqueid="[engine:junit-jupiter]/[class:uniandes.dpoo.estructuras.tests.TestSandboxConjuntos]/[method:testEliminarCadenaSinMayusculasOMinusculasVacio()]">
      <failure>
        <expected>0</expected>
        <actual>-1</actual>
        org.opentest4j.AssertionFailedError: La cantidad de cadenas deber√≠a seguir siendo la misma ==&gt; expected: &lt;0&gt; but was: &lt;-1&gt;
	at org.junit.jupiter.api.AssertionFailureBuilder.build(AssertionFailureBuilder.java:151)
	at org.junit.jupiter.api.AssertionFailureBuilder.buildAndThrow(AssertionFailureBuilder.java:132)
	at org.junit.jupiter.api.AssertEquals.failNotEqual(AssertEquals.java:197)
	at org.junit.jupiter.api.AssertEquals.assertEquals(AssertEquals.java:150)
	at org.junit.jupiter.api.Assertions.assertEquals(Assertions.java:563)
	at uniandes.dpoo.estructuras.tests.TestSandboxConjuntos.testEliminarCadenaSinMayusculasOMinusculasVacio(TestSandboxConjuntos.java:274)
	at java.base/java.lang.reflect.Method.invoke(Method.java:580)
	at java.base/java.util.ArrayList.forEach(ArrayList.java:1596)
	at java.base/java.util.ArrayList.forEach(ArrayList.java:1596)


      </failure>
    </testcase>
    <testcase name="testGetCadenasComoListaInvertida" classname="uniandes.dpoo.estructuras.tests.TestSandboxConjuntos" time="0.001" displayname="testGetCadenasComoListaInvertida()" uniqueid="[engine:junit-jupiter]/[class:uniandes.dpoo.estructuras.tests.TestSandboxConjuntos]/[method:testGetCadenasComoListaInvertida()]">
      <failure>
        <expected>5</expected>
        <actual>0</actual>
        org.opentest4j.AssertionFailedError: La lista retornada no tiene la cantidad de elementos esperados ==&gt; expected: &lt;5&gt; but was: &lt;0&gt;
	at org.junit.jupiter.api.AssertionFailureBuilder.build(AssertionFailureBuilder.java:151)
	at org.junit.jupiter.api.AssertionFailureBuilder.buildAndThrow(AssertionFailureBuilder.java:132)
	at org.junit.jupiter.api.AssertEquals.failNotEqual(AssertEquals.java:197)
	at org.junit.jupiter.api.AssertEquals.assertEquals(AssertEquals.java:150)
	at org.junit.jupiter.api.Assertions.assertEquals(Assertions.java:563)
	at uniandes.dpoo.estructuras.tests.TestSandboxConjuntos.testGetCadenasComoListaInvertida(TestSandboxConjuntos.java:94)
	at java.base/java.lang.reflect.Method.invoke(Method.java:580)
	at java.base/java.util.ArrayList.forEach(ArrayList.java:1596)
	at java.base/java.util.ArrayList.forEach(ArrayList.java:1596)


      </failure>
    </testcase>
    <testcase name="testEliminarPrimeraCadena" classname="uniandes.dpoo.estructuras.tests.TestSandboxConjuntos" time="0.001" displayname="testEliminarPrimeraCadena()" uniqueid="[engine:junit-jupiter]/[class:uniandes.dpoo.estructuras.tests.TestSandboxConjuntos]/[method:testEliminarPrimeraCadena()]">
      <failure>
        <expected>5</expected>
        <actual>-1</actual>
        org.opentest4j.AssertionFailedError: La cantidad inicial de cadenas no es correcta ==&gt; expected: &lt;5&gt; but was: &lt;-1&gt;
	at org.junit.jupiter.api.AssertionFailureBuilder.build(AssertionFailureBuilder.java:151)
	at org.junit.jupiter.api.AssertionFailureBuilder.buildAndThrow(AssertionFailureBuilder.java:132)
	at org.junit.jupiter.api.AssertEquals.failNotEqual(AssertEquals.java:197)
	at org.junit.jupiter.api.AssertEquals.assertEquals(AssertEquals.java:150)
	at org.junit.jupiter.api.Assertions.assertEquals(Assertions.java:563)
	at uniandes.dpoo.estructuras.tests.TestSandboxConjuntos.testEliminarPrimeraCadena(TestSandboxConjuntos.java:226)
	at java.base/java.lang.reflect.Method.invoke(Method.java:580)
	at java.base/java.util.ArrayList.forEach(ArrayList.java:1596)
	at java.base/java.util.ArrayList.forEach(ArrayList.java:1596)


      </failure>
    </testcase>
    <testcase name="testGetSiguientesNoIncluido" classname="uniandes.dpoo.estructuras.tests.TestSandboxConjuntos" time="0.001" displayname="testGetSiguientesNoIncluido()" uniqueid="[engine:junit-jupiter]/[class:uniandes.dpoo.estructuras.tests.TestSandboxConjuntos]/[method:testGetSiguientesNoIncluido()]">
      <failure>
        <expected>2</expected>
        <actual>0</actual>
        org.opentest4j.AssertionFailedError: La cantidad de elementos retornada no es correcta ==&gt; expected: &lt;2&gt; but was: &lt;0&gt;
	at org.junit.jupiter.api.AssertionFailureBuilder.build(AssertionFailureBuilder.java:151)
	at org.junit.jupiter.api.AssertionFailureBuilder.buildAndThrow(AssertionFailureBuilder.java:132)
	at org.junit.jupiter.api.AssertEquals.failNotEqual(AssertEquals.java:197)
	at org.junit.jupiter.api.AssertEquals.assertEquals(AssertEquals.java:150)
	at org.junit.jupiter.api.Assertions.assertEquals(Assertions.java:563)
	at uniandes.dpoo.estructuras.tests.TestSandboxConjuntos.testGetSiguientesNoIncluido(TestSandboxConjuntos.java:134)
	at java.base/java.lang.reflect.Method.invoke(Method.java:580)
	at java.base/java.util.ArrayList.forEach(ArrayList.java:1596)
	at java.base/java.util.ArrayList.forEach(ArrayList.java:1596)


      </failure>
    </testcase>
    <testcase name="testGetSiguientesIncluido" classname="uniandes.dpoo.estructuras.tests.TestSandboxConjuntos" time="0.0" displayname="testGetSiguientesIncluido()" uniqueid="[engine:junit-jupiter]/[class:uniandes.dpoo.estructuras.tests.TestSandboxConjuntos]/[method:testGetSiguientesIncluido()]">
      <failure>
        <expected>3</expected>
        <actual>0</actual>
        org.opentest4j.AssertionFailedError: La cantidad de elementos retornada no es correcta ==&gt; expected: &lt;3&gt; but was: &lt;0&gt;
	at org.junit.jupiter.api.AssertionFailureBuilder.build(AssertionFailureBuilder.java:151)
	at org.junit.jupiter.api.AssertionFailureBuilder.buildAndThrow(AssertionFailureBuilder.java:132)
	at org.junit.jupiter.api.AssertEquals.failNotEqual(AssertEquals.java:197)
	at org.junit.jupiter.api.AssertEquals.assertEquals(AssertEquals.java:150)
	at org.junit.jupiter.api.Assertions.assertEquals(Assertions.java:563)
	at uniandes.dpoo.estructuras.tests.TestSandboxConjuntos.testGetSiguientesIncluido(TestSandboxConjuntos.java:123)
	at java.base/java.lang.reflect.Method.invoke(Method.java:580)
	at java.base/java.util.ArrayList.forEach(ArrayList.java:1596)
	at java.base/java.util.ArrayList.forEach(ArrayList.java:1596)


      </failure>
    </testcase>
    <testcase name="testGetSiguientesVacio" classname="uniandes.dpoo.estructuras.tests.TestSandboxConjuntos" time="0.001" displayname="testGetSiguientesVacio()" uniqueid="[engine:junit-jupiter]/[class:uniandes.dpoo.estructuras.tests.TestSandboxConjuntos]/[method:testGetSiguientesVacio()]"/>
    <testcase name="testEliminarCadenaInexistenteVacio" classname="uniandes.dpoo.estructuras.tests.TestSandboxConjuntos" time="0.0" displayname="testEliminarCadenaInexistenteVacio()" uniqueid="[engine:junit-jupiter]/[class:uniandes.dpoo.estructuras.tests.TestSandboxConjuntos]/[method:testEliminarCadenaInexistenteVacio()]">
      <failure>
        <expected>0</expected>
        <actual>-1</actual>
        org.opentest4j.AssertionFailedError: La cantidad de cadenas deber√≠a seguir siendo la misma ==&gt; expected: &lt;0&gt; but was: &lt;-1&gt;
	at org.junit.jupiter.api.AssertionFailureBuilder.build(AssertionFailureBuilder.java:151)
	at org.junit.jupiter.api.AssertionFailureBuilder.buildAndThrow(AssertionFailureBuilder.java:132)
	at org.junit.jupiter.api.AssertEquals.failNotEqual(AssertEquals.java:197)
	at org.junit.jupiter.api.AssertEquals.assertEquals(AssertEquals.java:150)
	at org.junit.jupiter.api.Assertions.assertEquals(Assertions.java:563)
	at uniandes.dpoo.estructuras.tests.TestSandboxConjuntos.testEliminarCadenaInexistenteVacio(TestSandboxConjuntos.java:251)
	at java.base/java.lang.reflect.Method.invoke(Method.java:580)
	at java.base/java.util.ArrayList.forEach(ArrayList.java:1596)
	at java.base/java.util.ArrayList.forEach(ArrayList.java:1596)


      </failure>
    </testcase>
    <testcase name="testAgregarCadenaFinal" classname="uniandes.dpoo.estructuras.tests.TestSandboxConjuntos" time="0.0" displayname="testAgregarCadenaFinal()" uniqueid="[engine:junit-jupiter]/[class:uniandes.dpoo.estructuras.tests.TestSandboxConjuntos]/[method:testAgregarCadenaFinal()]">
      <failure>
        <expected>5</expected>
        <actual>-1</actual>
        org.opentest4j.AssertionFailedError: La cantidad inicial de cadenas no es correcta ==&gt; expected: &lt;5&gt; but was: &lt;-1&gt;
	at org.junit.jupiter.api.AssertionFailureBuilder.build(AssertionFailureBuilder.java:151)
	at org.junit.jupiter.api.AssertionFailureBuilder.buildAndThrow(AssertionFailureBuilder.java:132)
	at org.junit.jupiter.api.AssertEquals.failNotEqual(AssertEquals.java:197)
	at org.junit.jupiter.api.AssertEquals.assertEquals(AssertEquals.java:150)
	at org.junit.jupiter.api.Assertions.assertEquals(Assertions.java:563)
	at uniandes.dpoo.estructuras.tests.TestSandboxConjuntos.testAgregarCadenaFinal(TestSandboxConjuntos.java:169)
	at java.base/java.lang.reflect.Method.invoke(Method.java:580)
	at java.base/java.util.ArrayList.forEach(ArrayList.java:1596)
	at java.base/java.util.ArrayList.forEach(ArrayList.java:1596)


      </failure>
    </testcase>
    <testcase name="testAgregarCadenaVacio" classname="uniandes.dpoo.estructuras.tests.TestSandboxConjuntos" time="0.001" displayname="testAgregarCadenaVacio()" uniqueid="[engine:junit-jupiter]/[class:uniandes.dpoo.estructuras.tests.TestSandboxConjuntos]/[method:testAgregarCadenaVacio()]">
      <failure>
        <expected>1</expected>
        <actual>-1</actual>
        org.opentest4j.AssertionFailedError: La cantidad de cadenas no aument√≥ correctamente ==&gt; expected: &lt;1&gt; but was: &lt;-1&gt;
	at org.junit.jupiter.api.AssertionFailureBuilder.build(AssertionFailureBuilder.java:151)
	at org.junit.jupiter.api.AssertionFailureBuilder.buildAndThrow(AssertionFailureBuilder.java:132)
	at org.junit.jupiter.api.AssertEquals.failNotEqual(AssertEquals.java:197)
	at org.junit.jupiter.api.AssertEquals.assertEquals(AssertEquals.java:150)
	at org.junit.jupiter.api.Assertions.assertEquals(Assertions.java:563)
	at uniandes.dpoo.estructuras.tests.TestSandboxConjuntos.testAgregarCadenaVacio(TestSandboxConjuntos.java:160)
	at java.base/java.lang.reflect.Method.invoke(Method.java:580)
	at java.base/java.util.ArrayList.forEach(ArrayList.java:1596)
	at java.base/java.util.ArrayList.forEach(ArrayList.java:1596)


      </failure>
    </testcase>
    <testcase name="testCompararElementosIguales" classname="uniandes.dpoo.estructuras.tests.TestSandboxConjuntos" time="0.001" displayname="testCompararElementosIguales()" uniqueid="[engine:junit-jupiter]/[class:uniandes.dpoo.estructuras.tests.TestSandboxConjuntos]/[method:testCompararElementosIguales()]">
      <failure>
        <expected>true</expected>
        <actual>false</actual>
        org.opentest4j.AssertionFailedError: No compar√≥ correctamente los arreglos cuando eran iguales ==&gt; expected: &lt;true&gt; but was: &lt;false&gt;
	at org.junit.jupiter.api.AssertionFailureBuilder.build(AssertionFailureBuilder.java:151)
	at org.junit.jupiter.api.AssertionFailureBuilder.buildAndThrow(AssertionFailureBuilder.java:132)
	at org.junit.jupiter.api.AssertTrue.failNotTrue(AssertTrue.java:63)
	at org.junit.jupiter.api.AssertTrue.assertTrue(AssertTrue.java:36)
	at org.junit.jupiter.api.Assertions.assertTrue(Assertions.java:214)
	at uniandes.dpoo.estructuras.tests.TestSandboxConjuntos.testCompararElementosIguales(TestSandboxConjuntos.java:346)
	at java.base/java.lang.reflect.Method.invoke(Method.java:580)
	at java.base/java.util.ArrayList.forEach(ArrayList.java:1596)
	at java.base/java.util.ArrayList.forEach(ArrayList.java:1596)


      </failure>
    </testcase>
    <testcase name="testVolverMayusculas" classname="uniandes.dpoo.estructuras.tests.TestSandboxConjuntos" time="0.001" displayname="testVolverMayusculas()" uniqueid="[engine:junit-jupiter]/[class:uniandes.dpoo.estructuras.tests.TestSandboxConjuntos]/[method:testVolverMayusculas()]">
      <error>java.lang.IndexOutOfBoundsException: Index 0 out of bounds for length 0
	at java.base/jdk.internal.util.Preconditions.outOfBounds(Preconditions.java:100)
	at java.base/jdk.internal.util.Preconditions.outOfBoundsCheckIndex(Preconditions.java:106)
	at java.base/jdk.internal.util.Preconditions.checkIndex(Preconditions.java:302)
	at java.base/java.util.Objects.checkIndex(Objects.java:385)
	at java.base/java.util.ArrayList.get(ArrayList.java:427)
	at uniandes.dpoo.estructuras.tests.TestSandboxConjuntos.testVolverMayusculas(TestSandboxConjuntos.java:311)
	at java.base/java.lang.reflect.Method.invoke(Method.java:580)
	at java.base/java.util.ArrayList.forEach(ArrayList.java:1596)
	at java.base/java.util.ArrayList.forEach(ArrayList.java:1596)

</error>
    </testcase>
    <testcase name="testGetPrimera" classname="uniandes.dpoo.estructuras.tests.TestSandboxConjuntos" time="0.001" displayname="testGetPrimera()" uniqueid="[engine:junit-jupiter]/[class:uniandes.dpoo.estructuras.tests.TestSandboxConjuntos]/[method:testGetPrimera()]">
      <failure>
        <expected>B</expected>
        <actual>null</actual>
        org.opentest4j.AssertionFailedError: El primer elemento retornado no es el correcto ==&gt; expected: &lt;B&gt; but was: &lt;null&gt;
	at org.junit.jupiter.api.AssertionFailureBuilder.build(AssertionFailureBuilder.java:151)
	at org.junit.jupiter.api.AssertionFailureBuilder.buildAndThrow(AssertionFailureBuilder.java:132)
	at org.junit.jupiter.api.AssertEquals.failNotEqual(AssertEquals.java:197)
	at org.junit.jupiter.api.AssertEquals.assertEquals(AssertEquals.java:182)
	at org.junit.jupiter.api.Assertions.assertEquals(Assertions.java:1156)
	at uniandes.dpoo.estructuras.tests.TestSandboxConjuntos.testGetPrimera(TestSandboxConjuntos.java:108)
	at java.base/java.lang.reflect.Method.invoke(Method.java:580)
	at java.base/java.util.ArrayList.forEach(ArrayList.java:1596)
	at java.base/java.util.ArrayList.forEach(ArrayList.java:1596)


      </failure>
    </testcase>
    <testcase name="testAgregarCadenaInicio" classname="uniandes.dpoo.estructuras.tests.TestSandboxConjuntos" time="0.0" displayname="testAgregarCadenaInicio()" uniqueid="[engine:junit-jupiter]/[class:uniandes.dpoo.estructuras.tests.TestSandboxConjuntos]/[method:testAgregarCadenaInicio()]">
      <failure>
        <expected>5</expected>
        <actual>-1</actual>
        org.opentest4j.AssertionFailedError: La cantidad inicial de cadenas no es correcta ==&gt; expected: &lt;5&gt; but was: &lt;-1&gt;
	at org.junit.jupiter.api.AssertionFailureBuilder.build(AssertionFailureBuilder.java:151)
	at org.junit.jupiter.api.AssertionFailureBuilder.buildAndThrow(AssertionFailureBuilder.java:132)
	at org.junit.jupiter.api.AssertEquals.failNotEqual(AssertEquals.java:197)
	at org.junit.jupiter.api.AssertEquals.assertEquals(AssertEquals.java:150)
	at org.junit.jupiter.api.Assertions.assertEquals(Assertions.java:563)
	at uniandes.dpoo.estructuras.tests.TestSandboxConjuntos.testAgregarCadenaInicio(TestSandboxConjuntos.java:182)
	at java.base/java.lang.reflect.Method.invoke(Method.java:580)
	at java.base/java.util.ArrayList.forEach(ArrayList.java:1596)
	at java.base/java.util.ArrayList.forEach(ArrayList.java:1596)


      </failure>
    </testcase>
    <testcase name="testGetCadenasComoListaVacia" classname="uniandes.dpoo.estructuras.tests.TestSandboxConjuntos" time="0.001" displayname="testGetCadenasComoListaVacia()" uniqueid="[engine:junit-jupiter]/[class:uniandes.dpoo.estructuras.tests.TestSandboxConjuntos]/[method:testGetCadenasComoListaVacia()]"/>
    <testcase name="testEliminarCadenaSinMayusculasOMinusculasDiferente" classname="uniandes.dpoo.estructuras.tests.TestSandboxConjuntos" time="0.0" displayname="testEliminarCadenaSinMayusculasOMinusculasDiferente()" uniqueid="[engine:junit-jupiter]/[class:uniandes.dpoo.estructuras.tests.TestSandboxConjuntos]/[method:testEliminarCadenaSinMayusculasOMinusculasDiferente()]">
      <failure>
        <expected>5</expected>
        <actual>-1</actual>
        org.opentest4j.AssertionFailedError: La cantidad inicial de cadenas no es correcta ==&gt; expected: &lt;5&gt; but was: &lt;-1&gt;
	at org.junit.jupiter.api.AssertionFailureBuilder.build(AssertionFailureBuilder.java:151)
	at org.junit.jupiter.api.AssertionFailureBuilder.buildAndThrow(AssertionFailureBuilder.java:132)
	at org.junit.jupiter.api.AssertEquals.failNotEqual(AssertEquals.java:197)
	at org.junit.jupiter.api.AssertEquals.assertEquals(AssertEquals.java:150)
	at org.junit.jupiter.api.Assertions.assertEquals(Assertions.java:563)
	at uniandes.dpoo.estructuras.tests.TestSandboxConjuntos.testEliminarCadenaSinMayusculasOMinusculasDiferente(TestSandboxConjuntos.java:257)
	at java.base/java.lang.reflect.Method.invoke(Method.java:580)
	at java.base/java.util.ArrayList.forEach(ArrayList.java:1596)
	at java.base/java.util.ArrayList.forEach(ArrayList.java:1596)


      </failure>
    </testcase>
    <testcase name="testReiniciarConjuntoCadenas" classname="uniandes.dpoo.estructuras.tests.TestSandboxConjuntos" time="0.0" displayname="testReiniciarConjuntoCadenas()" uniqueid="[engine:junit-jupiter]/[class:uniandes.dpoo.estructuras.tests.TestSandboxConjuntos]/[method:testReiniciarConjuntoCadenas()]">
      <failure>
        <expected>8</expected>
        <actual>-1</actual>
        org.opentest4j.AssertionFailedError: La nueva cantidad de enteros no es la correcta ==&gt; expected: &lt;8&gt; but was: &lt;-1&gt;
	at org.junit.jupiter.api.AssertionFailureBuilder.build(AssertionFailureBuilder.java:151)
	at org.junit.jupiter.api.AssertionFailureBuilder.buildAndThrow(AssertionFailureBuilder.java:132)
	at org.junit.jupiter.api.AssertEquals.failNotEqual(AssertEquals.java:197)
	at org.junit.jupiter.api.AssertEquals.assertEquals(AssertEquals.java:150)
	at org.junit.jupiter.api.Assertions.assertEquals(Assertions.java:563)
	at uniandes.dpoo.estructuras.tests.TestSandboxConjuntos.testReiniciarConjuntoCadenas(TestSandboxConjuntos.java:292)
	at java.base/java.lang.reflect.Method.invoke(Method.java:580)
	at java.base/java.util.ArrayList.forEach(ArrayList.java:1596)
	at java.base/java.util.ArrayList.forEach(ArrayList.java:1596)


      </failure>
    </testcase>
    <testcase name="testGetSiguientesFueraDelRango" classname="uniandes.dpoo.estructuras.tests.TestSandboxConjuntos" time="0.001" displayname="testGetSiguientesFueraDelRango()" uniqueid="[engine:junit-jupiter]/[class:uniandes.dpoo.estructuras.tests.TestSandboxConjuntos]/[method:testGetSiguientesFueraDelRango()]"/>
    <testcase name="testEliminarCadena" classname="uniandes.dpoo.estructuras.tests.TestSandboxConjuntos" time="0.0" displayname="testEliminarCadena()" uniqueid="[engine:junit-jupiter]/[class:uniandes.dpoo.estructuras.tests.TestSandboxConjuntos]/[method:testEliminarCadena()]">
      <failure>
        <expected>5</expected>
        <actual>-1</actual>
        org.opentest4j.AssertionFailedError: La cantidad inicial de cadenas no es correcta ==&gt; expected: &lt;5&gt; but was: &lt;-1&gt;
	at org.junit.jupiter.api.AssertionFailureBuilder.build(AssertionFailureBuilder.java:151)
	at org.junit.jupiter.api.AssertionFailureBuilder.buildAndThrow(AssertionFailureBuilder.java:132)
	at org.junit.jupiter.api.AssertEquals.failNotEqual(AssertEquals.java:197)
	at org.junit.jupiter.api.AssertEquals.assertEquals(AssertEquals.java:150)
	at org.junit.jupiter.api.Assertions.assertEquals(Assertions.java:563)
	at uniandes.dpoo.estructuras.tests.TestSandboxConjuntos.testEliminarCadena(TestSandboxConjuntos.java:218)
	at java.base/java.lang.reflect.Method.invoke(Method.java:580)
	at java.base/java.util.ArrayList.forEach(ArrayList.java:1596)
	at java.base/java.util.ArrayList.forEach(ArrayList.java:1596)


      </failure>
    </testcase>
    <testcase name="testInvertirCadenasVacio" classname="uniandes.dpoo.estructuras.tests.TestSandboxConjuntos" time="0.001" displayname="testInvertirCadenasVacio()" uniqueid="[engine:junit-jupiter]/[class:uniandes.dpoo.estructuras.tests.TestSandboxConjuntos]/[method:testInvertirCadenasVacio()]">
      <error>java.lang.NullPointerException: Cannot invoke "java.util.TreeSet.size()" because "copia" is null
	at uniandes.dpoo.estructuras.tests.TestSandboxConjuntos.testInvertirCadenasVacio(TestSandboxConjuntos.java:340)
	at java.base/java.lang.reflect.Method.invoke(Method.java:580)
	at java.base/java.util.ArrayList.forEach(ArrayList.java:1596)
	at java.base/java.util.ArrayList.forEach(ArrayList.java:1596)

</error>
    </testcase>
    <testcase name="testEliminarUltimaCadena" classname="uniandes.dpoo.estructuras.tests.TestSandboxConjuntos" time="0.0" displayname="testEliminarUltimaCadena()" uniqueid="[engine:junit-jupiter]/[class:uniandes.dpoo.estructuras.tests.TestSandboxConjuntos]/[method:testEliminarUltimaCadena()]">
      <failure>
        <expected>5</expected>
        <actual>-1</actual>
        org.opentest4j.AssertionFailedError: La cantidad inicial de cadenas no es correcta ==&gt; expected: &lt;5&gt; but was: &lt;-1&gt;
	at org.junit.jupiter.api.AssertionFailureBuilder.build(AssertionFailureBuilder.java:151)
	at org.junit.jupiter.api.AssertionFailureBuilder.buildAndThrow(AssertionFailureBuilder.java:132)
	at org.junit.jupiter.api.AssertEquals.failNotEqual(AssertEquals.java:197)
	at org.junit.jupiter.api.AssertEquals.assertEquals(AssertEquals.java:150)
	at org.junit.jupiter.api.Assertions.assertEquals(Assertions.java:563)
	at uniandes.dpoo.estructuras.tests.TestSandboxConjuntos.testEliminarUltimaCadena(TestSandboxConjuntos.java:234)
	at java.base/java.lang.reflect.Method.invoke(Method.java:580)
	at java.base/java.util.ArrayList.forEach(ArrayList.java:1596)
	at java.base/java.util.ArrayList.forEach(ArrayList.java:1596)


      </failure>
    </testcase>
    <testcase name="testGetUltima" classname="uniandes.dpoo.estructuras.tests.TestSandboxConjuntos" time="0.0" displayname="testGetUltima()" uniqueid="[engine:junit-jupiter]/[class:uniandes.dpoo.estructuras.tests.TestSandboxConjuntos]/[method:testGetUltima()]">
      <failure>
        <expected>e</expected>
        <actual>null</actual>
        org.opentest4j.AssertionFailedError: El √∫ltimo elemento retornado no es el correcto ==&gt; expected: &lt;e&gt; but was: &lt;null&gt;
	at org.junit.jupiter.api.AssertionFailureBuilder.build(AssertionFailureBuilder.java:151)
	at org.junit.jupiter.api.AssertionFailureBuilder.buildAndThrow(AssertionFailureBuilder.java:132)
	at org.junit.jupiter.api.AssertEquals.failNotEqual(AssertEquals.java:197)
	at org.junit.jupiter.api.AssertEquals.assertEquals(AssertEquals.java:182)
	at org.junit.jupiter.api.Assertions.assertEquals(Assertions.java:1156)
	at uniandes.dpoo.estructuras.tests.TestSandboxConjuntos.testGetUltima(TestSandboxConjuntos.java:115)
	at java.base/java.lang.reflect.Method.invoke(Method.java:580)
	at java.base/java.util.ArrayList.forEach(ArrayList.java:1596)
	at java.base/java.util.ArrayList.forEach(ArrayList.java:1596)


      </failure>
    </testcase>
    <testcase name="testAgregarCadenaRepetida" classname="uniandes.dpoo.estructuras.tests.TestSandboxConjuntos" time="0.001" displayname="testAgregarCadenaRepetida()" uniqueid="[engine:junit-jupiter]/[class:uniandes.dpoo.estructuras.tests.TestSandboxConjuntos]/[method:testAgregarCadenaRepetida()]">
      <failure>
        <expected>5</expected>
        <actual>-1</actual>
        org.opentest4j.AssertionFailedError: La cantidad inicial de cadenas no es correcta ==&gt; expected: &lt;5&gt; but was: &lt;-1&gt;
	at org.junit.jupiter.api.AssertionFailureBuilder.build(AssertionFailureBuilder.java:151)
	at org.junit.jupiter.api.AssertionFailureBuilder.buildAndThrow(AssertionFailureBuilder.java:132)
	at org.junit.jupiter.api.AssertEquals.failNotEqual(AssertEquals.java:197)
	at org.junit.jupiter.api.AssertEquals.assertEquals(AssertEquals.java:150)
	at org.junit.jupiter.api.Assertions.assertEquals(Assertions.java:563)
	at uniandes.dpoo.estructuras.tests.TestSandboxConjuntos.testAgregarCadenaRepetida(TestSandboxConjuntos.java:208)
	at java.base/java.lang.reflect.Method.invoke(Method.java:580)
	at java.base/java.util.ArrayList.forEach(ArrayList.java:1596)
	at java.base/java.util.ArrayList.forEach(ArrayList.java:1596)


      </failure>
    </testcase>
    <testcase name="testEliminarCadenaInexistente" classname="uniandes.dpoo.estructuras.tests.TestSandboxConjuntos" time="0.0" displayname="testEliminarCadenaInexistente()" uniqueid="[engine:junit-jupiter]/[class:uniandes.dpoo.estructuras.tests.TestSandboxConjuntos]/[method:testEliminarCadenaInexistente()]">
      <failure>
        <expected>5</expected>
        <actual>-1</actual>
        org.opentest4j.AssertionFailedError: La cantidad inicial de cadenas no es correcta ==&gt; expected: &lt;5&gt; but was: &lt;-1&gt;
	at org.junit.jupiter.api.AssertionFailureBuilder.build(AssertionFailureBuilder.java:151)
	at org.junit.jupiter.api.AssertionFailureBuilder.buildAndThrow(AssertionFailureBuilder.java:132)
	at org.junit.jupiter.api.AssertEquals.failNotEqual(AssertEquals.java:197)
	at org.junit.jupiter.api.AssertEquals.assertEquals(AssertEquals.java:150)
	at org.junit.jupiter.api.Assertions.assertEquals(Assertions.java:563)
	at uniandes.dpoo.estructuras.tests.TestSandboxConjuntos.testEliminarCadenaInexistente(TestSandboxConjuntos.java:242)
	at java.base/java.lang.reflect.Method.invoke(Method.java:580)
	at java.base/java.util.ArrayList.forEach(ArrayList.java:1596)
	at java.base/java.util.ArrayList.forEach(ArrayList.java:1596)


      </failure>
    </testcase>
    <testcase name="testInvertirCadenas" classname="uniandes.dpoo.estructuras.tests.TestSandboxConjuntos" time="0.001" displayname="testInvertirCadenas()" uniqueid="[engine:junit-jupiter]/[class:uniandes.dpoo.estructuras.tests.TestSandboxConjuntos]/[method:testInvertirCadenas()]">
      <error>java.lang.NullPointerException: Cannot invoke "java.util.TreeSet.size()" because "invertido" is null
	at uniandes.dpoo.estructuras.tests.TestSandboxConjuntos.testInvertirCadenas(TestSandboxConjuntos.java:327)
	at java.base/java.lang.reflect.Method.invoke(Method.java:580)
	at java.base/java.util.ArrayList.forEach(ArrayList.java:1596)
	at java.base/java.util.ArrayList.forEach(ArrayList.java:1596)

</error>
    </testcase>
    <testcase name="testGetCadenasComoLista" classname="uniandes.dpoo.estructuras.tests.TestSandboxConjuntos" time="0.001" displayname="testGetCadenasComoLista()" uniqueid="[engine:junit-jupiter]/[class:uniandes.dpoo.estructuras.tests.TestSandboxConjuntos]/[method:testGetCadenasComoLista()]">
      <failure>
        <expected>5</expected>
        <actual>0</actual>
        org.opentest4j.AssertionFailedError: La lista retornada no tiene la cantidad de elementos esperados ==&gt; expected: &lt;5&gt; but was: &lt;0&gt;
	at org.junit.jupiter.api.AssertionFailureBuilder.build(AssertionFailureBuilder.java:151)
	at org.junit.jupiter.api.AssertionFailureBuilder.buildAndThrow(AssertionFailureBuilder.java:132)
	at org.junit.jupiter.api.AssertEquals.failNotEqual(AssertEquals.java:197)
	at org.junit.jupiter.api.AssertEquals.assertEquals(AssertEquals.java:150)
	at org.junit.jupiter.api.Assertions.assertEquals(Assertions.java:563)
	at uniandes.dpoo.estructuras.tests.TestSandboxConjuntos.testGetCadenasComoLista(TestSandboxConjuntos.java:70)
	at java.base/java.lang.reflect.Method.invoke(Method.java:580)
	at java.base/java.util.ArrayList.forEach(ArrayList.java:1596)
	at java.base/java.util.ArrayList.forEach(ArrayList.java:1596)


      </failure>
    </testcase>
    <testcase name="testCompararElementosDiferentes" classname="uniandes.dpoo.estructuras.tests.TestSandboxConjuntos" time="0.0" displayname="testCompararElementosDiferentes()" uniqueid="[engine:junit-jupiter]/[class:uniandes.dpoo.estructuras.tests.TestSandboxConjuntos]/[method:testCompararElementosDiferentes()]"/>
  </testsuite>
</testrun>
